{"/home/stayrad/projects/perplexed/lib/index.js":{"path":"/home/stayrad/projects/perplexed/lib/index.js","statementMap":{"0":{"start":{"line":3,"column":0},"end":{"line":5,"column":3}},"1":{"start":{"line":7,"column":15},"end":{"line":7,"column":35}},"2":{"start":{"line":9,"column":0},"end":{"line":14,"column":3}},"3":{"start":{"line":12,"column":4},"end":{"line":12,"column":52}},"4":{"start":{"line":16,"column":14},"end":{"line":16,"column":33}},"5":{"start":{"line":18,"column":0},"end":{"line":23,"column":3}},"6":{"start":{"line":21,"column":4},"end":{"line":21,"column":51}},"7":{"start":{"line":25,"column":24},"end":{"line":25,"column":53}},"8":{"start":{"line":27,"column":0},"end":{"line":32,"column":3}},"9":{"start":{"line":30,"column":4},"end":{"line":30,"column":61}},"10":{"start":{"line":34,"column":15},"end":{"line":34,"column":35}},"11":{"start":{"line":36,"column":0},"end":{"line":41,"column":3}},"12":{"start":{"line":39,"column":4},"end":{"line":39,"column":52}},"13":{"start":{"line":42,"column":0},"end":{"line":47,"column":3}},"14":{"start":{"line":45,"column":4},"end":{"line":45,"column":27}},"15":{"start":{"line":48,"column":0},"end":{"line":53,"column":3}},"16":{"start":{"line":51,"column":4},"end":{"line":51,"column":26}},"17":{"start":{"line":54,"column":0},"end":{"line":59,"column":3}},"18":{"start":{"line":57,"column":4},"end":{"line":57,"column":26}},"19":{"start":{"line":60,"column":0},"end":{"line":65,"column":3}},"20":{"start":{"line":63,"column":4},"end":{"line":63,"column":29}},"21":{"start":{"line":66,"column":0},"end":{"line":71,"column":3}},"22":{"start":{"line":69,"column":4},"end":{"line":69,"column":26}},"23":{"start":{"line":73,"column":39},"end":{"line":73,"column":93}}},"fnMap":{"0":{"name":"get","decl":{"start":{"line":11,"column":16},"end":{"line":11,"column":19}},"loc":{"start":{"line":11,"column":22},"end":{"line":13,"column":3}}},"1":{"name":"get","decl":{"start":{"line":20,"column":16},"end":{"line":20,"column":19}},"loc":{"start":{"line":20,"column":22},"end":{"line":22,"column":3}}},"2":{"name":"get","decl":{"start":{"line":29,"column":16},"end":{"line":29,"column":19}},"loc":{"start":{"line":29,"column":22},"end":{"line":31,"column":3}}},"3":{"name":"get","decl":{"start":{"line":38,"column":16},"end":{"line":38,"column":19}},"loc":{"start":{"line":38,"column":22},"end":{"line":40,"column":3}}},"4":{"name":"get","decl":{"start":{"line":44,"column":16},"end":{"line":44,"column":19}},"loc":{"start":{"line":44,"column":22},"end":{"line":46,"column":3}}},"5":{"name":"get","decl":{"start":{"line":50,"column":16},"end":{"line":50,"column":19}},"loc":{"start":{"line":50,"column":22},"end":{"line":52,"column":3}}},"6":{"name":"get","decl":{"start":{"line":56,"column":16},"end":{"line":56,"column":19}},"loc":{"start":{"line":56,"column":22},"end":{"line":58,"column":3}}},"7":{"name":"get","decl":{"start":{"line":62,"column":16},"end":{"line":62,"column":19}},"loc":{"start":{"line":62,"column":22},"end":{"line":64,"column":3}}},"8":{"name":"get","decl":{"start":{"line":68,"column":16},"end":{"line":68,"column":19}},"loc":{"start":{"line":68,"column":22},"end":{"line":70,"column":3}}},"9":{"name":"_interopRequireDefault","decl":{"start":{"line":73,"column":9},"end":{"line":73,"column":31}},"loc":{"start":{"line":73,"column":37},"end":{"line":73,"column":95}}}},"branchMap":{"0":{"loc":{"start":{"line":73,"column":46},"end":{"line":73,"column":92}},"type":"cond-expr","locations":[{"start":{"line":73,"column":70},"end":{"line":73,"column":73}},{"start":{"line":73,"column":76},"end":{"line":73,"column":92}}]},"1":{"loc":{"start":{"line":73,"column":46},"end":{"line":73,"column":67}},"type":"binary-expr","locations":[{"start":{"line":73,"column":46},"end":{"line":73,"column":49}},{"start":{"line":73,"column":53},"end":{"line":73,"column":67}}]}},"s":{"0":1,"1":1,"2":1,"3":0,"4":1,"5":1,"6":3,"7":1,"8":1,"9":0,"10":1,"11":1,"12":0,"13":1,"14":0,"15":1,"16":0,"17":1,"18":0,"19":1,"20":0,"21":1,"22":0,"23":3},"f":{"0":0,"1":3,"2":0,"3":0,"4":0,"5":0,"6":0,"7":0,"8":0,"9":3},"b":{"0":[3,0],"1":[3,3]},"_coverageSchema":"332fd63041d2c1bcb487cc26dd0d5f7d97098a6c","hash":"b271d07e970b7326b9a726a846e36bcb64417e06","contentHash":"cc834038c4285631d2b739de81f31407_10.0.0"},"/home/stayrad/projects/perplexed/lib/account.js":{"path":"/home/stayrad/projects/perplexed/lib/account.js","statementMap":{"0":{"start":{"line":3,"column":0},"end":{"line":5,"column":3}},"1":{"start":{"line":7,"column":15},"end":{"line":7,"column":256}},"2":{"start":{"line":7,"column":52},"end":{"line":7,"column":239}},"3":{"start":{"line":7,"column":110},"end":{"line":7,"column":122}},"4":{"start":{"line":7,"column":124},"end":{"line":7,"column":237}},"5":{"start":{"line":7,"column":150},"end":{"line":7,"column":235}},"6":{"start":{"line":7,"column":207},"end":{"line":7,"column":233}},"7":{"start":{"line":7,"column":240},"end":{"line":7,"column":254}},"8":{"start":{"line":9,"column":19},"end":{"line":9,"column":563}},"9":{"start":{"line":9,"column":76},"end":{"line":9,"column":347}},"10":{"start":{"line":9,"column":134},"end":{"line":9,"column":142}},"11":{"start":{"line":9,"column":144},"end":{"line":9,"column":199}},"12":{"start":{"line":9,"column":200},"end":{"line":9,"column":231}},"13":{"start":{"line":9,"column":232},"end":{"line":9,"column":286}},"14":{"start":{"line":9,"column":259},"end":{"line":9,"column":286}},"15":{"start":{"line":9,"column":287},"end":{"line":9,"column":345}},"16":{"start":{"line":9,"column":350},"end":{"line":9,"column":559}},"17":{"start":{"line":9,"column":407},"end":{"line":9,"column":475}},"18":{"start":{"line":9,"column":423},"end":{"line":9,"column":475}},"19":{"start":{"line":9,"column":476},"end":{"line":9,"column":536}},"20":{"start":{"line":9,"column":493},"end":{"line":9,"column":536}},"21":{"start":{"line":9,"column":537},"end":{"line":9,"column":556}},"22":{"start":{"line":11,"column":22},"end":{"line":11,"column":50}},"23":{"start":{"line":13,"column":15},"end":{"line":13,"column":41}},"24":{"start":{"line":15,"column":17},"end":{"line":15,"column":45}},"25":{"start":{"line":17,"column":12},"end":{"line":17,"column":35}},"26":{"start":{"line":19,"column":50},"end":{"line":19,"column":151}},"27":{"start":{"line":19,"column":92},"end":{"line":19,"column":149}},"28":{"start":{"line":21,"column":15},"end":{"line":21,"column":32}},"29":{"start":{"line":30,"column":14},"end":{"line":176,"column":3}},"30":{"start":{"line":32,"column":4},"end":{"line":32,"column":35}},"31":{"start":{"line":34,"column":4},"end":{"line":34,"column":25}},"32":{"start":{"line":35,"column":4},"end":{"line":35,"column":31}},"33":{"start":{"line":44,"column":2},"end":{"line":173,"column":6}},"34":{"start":{"line":47,"column":6},"end":{"line":49,"column":9}},"35":{"start":{"line":61,"column":20},"end":{"line":61,"column":90}},"36":{"start":{"line":63,"column":16},"end":{"line":63,"column":31}},"37":{"start":{"line":64,"column":6},"end":{"line":66,"column":10}},"38":{"start":{"line":78,"column":20},"end":{"line":78,"column":90}},"39":{"start":{"line":80,"column":16},"end":{"line":80,"column":31}},"40":{"start":{"line":81,"column":6},"end":{"line":83,"column":10}},"41":{"start":{"line":97,"column":18},"end":{"line":97,"column":22}},"42":{"start":{"line":99,"column":18},"end":{"line":99,"column":70}},"43":{"start":{"line":100,"column":6},"end":{"line":110,"column":9}},"44":{"start":{"line":106,"column":8},"end":{"line":106,"column":43}},"45":{"start":{"line":108,"column":8},"end":{"line":108,"column":41}},"46":{"start":{"line":109,"column":8},"end":{"line":109,"column":20}},"47":{"start":{"line":122,"column":6},"end":{"line":124,"column":9}},"48":{"start":{"line":123,"column":8},"end":{"line":123,"column":41}},"49":{"start":{"line":140,"column":6},"end":{"line":147,"column":9}},"50":{"start":{"line":146,"column":8},"end":{"line":146,"column":51}},"51":{"start":{"line":159,"column":6},"end":{"line":159,"column":45}},"52":{"start":{"line":169,"column":6},"end":{"line":171,"column":9}},"53":{"start":{"line":175,"column":2},"end":{"line":175,"column":17}},"54":{"start":{"line":178,"column":0},"end":{"line":178,"column":26}}},"fnMap":{"0":{"name":"(anonymous_0)","decl":{"start":{"line":7,"column":32},"end":{"line":7,"column":33}},"loc":{"start":{"line":7,"column":50},"end":{"line":7,"column":256}}},"1":{"name":"(anonymous_1)","decl":{"start":{"line":9,"column":19},"end":{"line":9,"column":20}},"loc":{"start":{"line":9,"column":31},"end":{"line":9,"column":561}}},"2":{"name":"defineProperties","decl":{"start":{"line":9,"column":42},"end":{"line":9,"column":58}},"loc":{"start":{"line":9,"column":74},"end":{"line":9,"column":349}}},"3":{"name":"(anonymous_3)","decl":{"start":{"line":9,"column":357},"end":{"line":9,"column":358}},"loc":{"start":{"line":9,"column":405},"end":{"line":9,"column":558}}},"4":{"name":"_classCallCheck","decl":{"start":{"line":19,"column":9},"end":{"line":19,"column":24}},"loc":{"start":{"line":19,"column":48},"end":{"line":19,"column":153}}},"5":{"name":"(anonymous_5)","decl":{"start":{"line":30,"column":14},"end":{"line":30,"column":15}},"loc":{"start":{"line":30,"column":26},"end":{"line":176,"column":1}}},"6":{"name":"Account","decl":{"start":{"line":31,"column":11},"end":{"line":31,"column":18}},"loc":{"start":{"line":31,"column":38},"end":{"line":36,"column":3}}},"7":{"name":"headers","decl":{"start":{"line":46,"column":20},"end":{"line":46,"column":27}},"loc":{"start":{"line":46,"column":30},"end":{"line":50,"column":5}}},"8":{"name":"fetchJSON","decl":{"start":{"line":60,"column":20},"end":{"line":60,"column":29}},"loc":{"start":{"line":60,"column":36},"end":{"line":67,"column":5}}},"9":{"name":"fetchXML","decl":{"start":{"line":77,"column":20},"end":{"line":77,"column":28}},"loc":{"start":{"line":77,"column":35},"end":{"line":84,"column":5}}},"10":{"name":"authenticate","decl":{"start":{"line":96,"column":20},"end":{"line":96,"column":32}},"loc":{"start":{"line":96,"column":53},"end":{"line":111,"column":5}}},"11":{"name":"(anonymous_11)","decl":{"start":{"line":105,"column":14},"end":{"line":105,"column":15}},"loc":{"start":{"line":105,"column":29},"end":{"line":107,"column":7}}},"12":{"name":"(anonymous_12)","decl":{"start":{"line":107,"column":14},"end":{"line":107,"column":15}},"loc":{"start":{"line":107,"column":30},"end":{"line":110,"column":7}}},"13":{"name":"info","decl":{"start":{"line":121,"column":20},"end":{"line":121,"column":24}},"loc":{"start":{"line":121,"column":27},"end":{"line":125,"column":5}}},"14":{"name":"(anonymous_14)","decl":{"start":{"line":122,"column":49},"end":{"line":122,"column":50}},"loc":{"start":{"line":122,"column":64},"end":{"line":124,"column":7}}},"15":{"name":"resources","decl":{"start":{"line":139,"column":20},"end":{"line":139,"column":29}},"loc":{"start":{"line":139,"column":32},"end":{"line":148,"column":5}}},"16":{"name":"(anonymous_16)","decl":{"start":{"line":145,"column":14},"end":{"line":145,"column":15}},"loc":{"start":{"line":145,"column":29},"end":{"line":147,"column":7}}},"17":{"name":"devices","decl":{"start":{"line":158,"column":20},"end":{"line":158,"column":27}},"loc":{"start":{"line":158,"column":30},"end":{"line":160,"column":5}}},"18":{"name":"removeDevice","decl":{"start":{"line":168,"column":20},"end":{"line":168,"column":32}},"loc":{"start":{"line":168,"column":43},"end":{"line":172,"column":5}}}},"branchMap":{"0":{"loc":{"start":{"line":7,"column":15},"end":{"line":7,"column":256}},"type":"binary-expr","locations":[{"start":{"line":7,"column":15},"end":{"line":7,"column":28}},{"start":{"line":7,"column":32},"end":{"line":7,"column":256}}]},"1":{"loc":{"start":{"line":7,"column":150},"end":{"line":7,"column":235}},"type":"if","locations":[{"start":{"line":7,"column":150},"end":{"line":7,"column":235}},{"start":{"line":7,"column":150},"end":{"line":7,"column":235}}]},"2":{"loc":{"start":{"line":9,"column":168},"end":{"line":9,"column":198}},"type":"binary-expr","locations":[{"start":{"line":9,"column":168},"end":{"line":9,"column":189}},{"start":{"line":9,"column":193},"end":{"line":9,"column":198}}]},"3":{"loc":{"start":{"line":9,"column":232},"end":{"line":9,"column":286}},"type":"if","locations":[{"start":{"line":9,"column":232},"end":{"line":9,"column":286}},{"start":{"line":9,"column":232},"end":{"line":9,"column":286}}]},"4":{"loc":{"start":{"line":9,"column":407},"end":{"line":9,"column":475}},"type":"if","locations":[{"start":{"line":9,"column":407},"end":{"line":9,"column":475}},{"start":{"line":9,"column":407},"end":{"line":9,"column":475}}]},"5":{"loc":{"start":{"line":9,"column":476},"end":{"line":9,"column":536}},"type":"if","locations":[{"start":{"line":9,"column":476},"end":{"line":9,"column":536}},{"start":{"line":9,"column":476},"end":{"line":9,"column":536}}]},"6":{"loc":{"start":{"line":19,"column":50},"end":{"line":19,"column":151}},"type":"if","locations":[{"start":{"line":19,"column":50},"end":{"line":19,"column":151}},{"start":{"line":19,"column":50},"end":{"line":19,"column":151}}]},"7":{"loc":{"start":{"line":61,"column":20},"end":{"line":61,"column":90}},"type":"cond-expr","locations":[{"start":{"line":61,"column":73},"end":{"line":61,"column":85}},{"start":{"line":61,"column":88},"end":{"line":61,"column":90}}]},"8":{"loc":{"start":{"line":61,"column":20},"end":{"line":61,"column":70}},"type":"binary-expr","locations":[{"start":{"line":61,"column":20},"end":{"line":61,"column":40}},{"start":{"line":61,"column":44},"end":{"line":61,"column":70}}]},"9":{"loc":{"start":{"line":78,"column":20},"end":{"line":78,"column":90}},"type":"cond-expr","locations":[{"start":{"line":78,"column":73},"end":{"line":78,"column":85}},{"start":{"line":78,"column":88},"end":{"line":78,"column":90}}]},"10":{"loc":{"start":{"line":78,"column":20},"end":{"line":78,"column":70}},"type":"binary-expr","locations":[{"start":{"line":78,"column":20},"end":{"line":78,"column":40}},{"start":{"line":78,"column":44},"end":{"line":78,"column":70}}]}},"s":{"0":1,"1":1,"2":0,"3":0,"4":0,"5":0,"6":0,"7":0,"8":1,"9":1,"10":8,"11":8,"12":8,"13":8,"14":8,"15":8,"16":1,"17":1,"18":1,"19":1,"20":0,"21":1,"22":1,"23":1,"24":1,"25":1,"26":0,"27":0,"28":1,"29":1,"30":0,"31":0,"32":0,"33":1,"34":0,"35":0,"36":0,"37":0,"38":0,"39":0,"40":0,"41":0,"42":0,"43":0,"44":0,"45":0,"46":0,"47":0,"48":0,"49":0,"50":0,"51":0,"52":0,"53":1,"54":1},"f":{"0":0,"1":1,"2":1,"3":1,"4":0,"5":1,"6":0,"7":0,"8":0,"9":0,"10":0,"11":0,"12":0,"13":0,"14":0,"15":0,"16":0,"17":0,"18":0},"b":{"0":[1,0],"1":[0,0],"2":[8,8],"3":[8,0],"4":[1,0],"5":[0,1],"6":[0,0],"7":[0,0],"8":[0,0],"9":[0,0],"10":[0,0]},"_coverageSchema":"332fd63041d2c1bcb487cc26dd0d5f7d97098a6c","hash":"0f9a4a31aadd6ef76e5010734ca09a8a37bf403d","contentHash":"eb7d1483a504b139201121faf866cf3c_10.0.0"},"/home/stayrad/projects/perplexed/lib/utils/request.js":{"path":"/home/stayrad/projects/perplexed/lib/utils/request.js","statementMap":{"0":{"start":{"line":3,"column":0},"end":{"line":5,"column":3}},"1":{"start":{"line":7,"column":15},"end":{"line":7,"column":256}},"2":{"start":{"line":7,"column":52},"end":{"line":7,"column":239}},"3":{"start":{"line":7,"column":110},"end":{"line":7,"column":122}},"4":{"start":{"line":7,"column":124},"end":{"line":7,"column":237}},"5":{"start":{"line":7,"column":150},"end":{"line":7,"column":235}},"6":{"start":{"line":7,"column":207},"end":{"line":7,"column":233}},"7":{"start":{"line":7,"column":240},"end":{"line":7,"column":254}},"8":{"start":{"line":9,"column":0},"end":{"line":9,"column":32}},"9":{"start":{"line":10,"column":0},"end":{"line":10,"column":26}},"10":{"start":{"line":11,"column":0},"end":{"line":11,"column":34}},"11":{"start":{"line":12,"column":0},"end":{"line":12,"column":32}},"12":{"start":{"line":14,"column":14},"end":{"line":14,"column":31}},"13":{"start":{"line":16,"column":15},"end":{"line":16,"column":46}},"14":{"start":{"line":18,"column":20},"end":{"line":18,"column":44}},"15":{"start":{"line":20,"column":21},"end":{"line":20,"column":58}},"16":{"start":{"line":22,"column":10},"end":{"line":22,"column":23}},"17":{"start":{"line":24,"column":11},"end":{"line":24,"column":38}},"18":{"start":{"line":26,"column":23},"end":{"line":26,"column":50}},"19":{"start":{"line":28,"column":24},"end":{"line":28,"column":64}},"20":{"start":{"line":30,"column":39},"end":{"line":30,"column":93}},"21":{"start":{"line":32,"column":60},"end":{"line":32,"column":62}},"22":{"start":{"line":32,"column":64},"end":{"line":32,"column":203}},"23":{"start":{"line":32,"column":85},"end":{"line":32,"column":120}},"24":{"start":{"line":32,"column":111},"end":{"line":32,"column":120}},"25":{"start":{"line":32,"column":121},"end":{"line":32,"column":181}},"26":{"start":{"line":32,"column":172},"end":{"line":32,"column":181}},"27":{"start":{"line":32,"column":182},"end":{"line":32,"column":201}},"28":{"start":{"line":32,"column":204},"end":{"line":32,"column":218}},"29":{"start":{"line":34,"column":21},"end":{"line":34,"column":78}},"30":{"start":{"line":37,"column":2},"end":{"line":39,"column":3}},"31":{"start":{"line":38,"column":4},"end":{"line":38,"column":54}},"32":{"start":{"line":40,"column":2},"end":{"line":40,"column":13}},"33":{"start":{"line":44,"column":16},"end":{"line":44,"column":86}},"34":{"start":{"line":46,"column":15},"end":{"line":46,"column":29}},"35":{"start":{"line":47,"column":21},"end":{"line":47,"column":66}},"36":{"start":{"line":49,"column":22},"end":{"line":49,"column":45}},"37":{"start":{"line":50,"column":2},"end":{"line":50,"column":69}},"38":{"start":{"line":54,"column":16},"end":{"line":54,"column":86}},"39":{"start":{"line":56,"column":2},"end":{"line":62,"column":5}},"40":{"start":{"line":61,"column":4},"end":{"line":61,"column":22}},"41":{"start":{"line":66,"column":2},"end":{"line":70,"column":5}},"42":{"start":{"line":67,"column":4},"end":{"line":67,"column":22}},"43":{"start":{"line":69,"column":4},"end":{"line":69,"column":31}}},"fnMap":{"0":{"name":"(anonymous_0)","decl":{"start":{"line":7,"column":32},"end":{"line":7,"column":33}},"loc":{"start":{"line":7,"column":50},"end":{"line":7,"column":256}}},"1":{"name":"_interopRequireDefault","decl":{"start":{"line":30,"column":9},"end":{"line":30,"column":31}},"loc":{"start":{"line":30,"column":37},"end":{"line":30,"column":95}}},"2":{"name":"_objectWithoutProperties","decl":{"start":{"line":32,"column":9},"end":{"line":32,"column":33}},"loc":{"start":{"line":32,"column":45},"end":{"line":32,"column":220}}},"3":{"name":"withParams","decl":{"start":{"line":36,"column":9},"end":{"line":36,"column":19}},"loc":{"start":{"line":36,"column":33},"end":{"line":41,"column":1}}},"4":{"name":"request","decl":{"start":{"line":43,"column":9},"end":{"line":43,"column":16}},"loc":{"start":{"line":43,"column":22},"end":{"line":51,"column":1}}},"5":{"name":"requestJSON","decl":{"start":{"line":53,"column":9},"end":{"line":53,"column":20}},"loc":{"start":{"line":53,"column":26},"end":{"line":63,"column":1}}},"6":{"name":"(anonymous_6)","decl":{"start":{"line":60,"column":11},"end":{"line":60,"column":12}},"loc":{"start":{"line":60,"column":26},"end":{"line":62,"column":3}}},"7":{"name":"requestXML","decl":{"start":{"line":65,"column":9},"end":{"line":65,"column":19}},"loc":{"start":{"line":65,"column":34},"end":{"line":71,"column":1}}},"8":{"name":"(anonymous_8)","decl":{"start":{"line":66,"column":36},"end":{"line":66,"column":37}},"loc":{"start":{"line":66,"column":51},"end":{"line":68,"column":3}}},"9":{"name":"(anonymous_9)","decl":{"start":{"line":68,"column":10},"end":{"line":68,"column":11}},"loc":{"start":{"line":68,"column":25},"end":{"line":70,"column":3}}}},"branchMap":{"0":{"loc":{"start":{"line":7,"column":15},"end":{"line":7,"column":256}},"type":"binary-expr","locations":[{"start":{"line":7,"column":15},"end":{"line":7,"column":28}},{"start":{"line":7,"column":32},"end":{"line":7,"column":256}}]},"1":{"loc":{"start":{"line":7,"column":150},"end":{"line":7,"column":235}},"type":"if","locations":[{"start":{"line":7,"column":150},"end":{"line":7,"column":235}},{"start":{"line":7,"column":150},"end":{"line":7,"column":235}}]},"2":{"loc":{"start":{"line":30,"column":46},"end":{"line":30,"column":92}},"type":"cond-expr","locations":[{"start":{"line":30,"column":70},"end":{"line":30,"column":73}},{"start":{"line":30,"column":76},"end":{"line":30,"column":92}}]},"3":{"loc":{"start":{"line":30,"column":46},"end":{"line":30,"column":67}},"type":"binary-expr","locations":[{"start":{"line":30,"column":46},"end":{"line":30,"column":49}},{"start":{"line":30,"column":53},"end":{"line":30,"column":67}}]},"4":{"loc":{"start":{"line":32,"column":85},"end":{"line":32,"column":120}},"type":"if","locations":[{"start":{"line":32,"column":85},"end":{"line":32,"column":120}},{"start":{"line":32,"column":85},"end":{"line":32,"column":120}}]},"5":{"loc":{"start":{"line":32,"column":121},"end":{"line":32,"column":181}},"type":"if","locations":[{"start":{"line":32,"column":121},"end":{"line":32,"column":181}},{"start":{"line":32,"column":121},"end":{"line":32,"column":181}}]},"6":{"loc":{"start":{"line":37,"column":2},"end":{"line":39,"column":3}},"type":"if","locations":[{"start":{"line":37,"column":2},"end":{"line":39,"column":3}},{"start":{"line":37,"column":2},"end":{"line":39,"column":3}}]},"7":{"loc":{"start":{"line":44,"column":16},"end":{"line":44,"column":86}},"type":"cond-expr","locations":[{"start":{"line":44,"column":69},"end":{"line":44,"column":81}},{"start":{"line":44,"column":84},"end":{"line":44,"column":86}}]},"8":{"loc":{"start":{"line":44,"column":16},"end":{"line":44,"column":66}},"type":"binary-expr","locations":[{"start":{"line":44,"column":16},"end":{"line":44,"column":36}},{"start":{"line":44,"column":40},"end":{"line":44,"column":66}}]},"9":{"loc":{"start":{"line":54,"column":16},"end":{"line":54,"column":86}},"type":"cond-expr","locations":[{"start":{"line":54,"column":69},"end":{"line":54,"column":81}},{"start":{"line":54,"column":84},"end":{"line":54,"column":86}}]},"10":{"loc":{"start":{"line":54,"column":16},"end":{"line":54,"column":66}},"type":"binary-expr","locations":[{"start":{"line":54,"column":16},"end":{"line":54,"column":36}},{"start":{"line":54,"column":40},"end":{"line":54,"column":66}}]}},"s":{"0":1,"1":1,"2":0,"3":0,"4":0,"5":0,"6":0,"7":0,"8":1,"9":1,"10":1,"11":1,"12":1,"13":1,"14":1,"15":1,"16":1,"17":1,"18":1,"19":1,"20":4,"21":0,"22":0,"23":0,"24":0,"25":0,"26":0,"27":0,"28":0,"29":1,"30":0,"31":0,"32":0,"33":0,"34":0,"35":0,"36":0,"37":0,"38":0,"39":0,"40":0,"41":0,"42":0,"43":0},"f":{"0":0,"1":4,"2":0,"3":0,"4":0,"5":0,"6":0,"7":0,"8":0,"9":0},"b":{"0":[1,0],"1":[0,0],"2":[0,4],"3":[4,4],"4":[0,0],"5":[0,0],"6":[0,0],"7":[0,0],"8":[0,0],"9":[0,0],"10":[0,0]},"_coverageSchema":"332fd63041d2c1bcb487cc26dd0d5f7d97098a6c","hash":"d4ae564c8676c00ee110340e001e24316817dde6","contentHash":"56253fc5ebbd9363f3c25b031c6ba214_10.0.0"},"/home/stayrad/projects/perplexed/lib/types/resources.js":{"path":"/home/stayrad/projects/perplexed/lib/types/resources.js","statementMap":{"0":{"start":{"line":3,"column":0},"end":{"line":5,"column":3}},"1":{"start":{"line":6,"column":0},"end":{"line":6,"column":30}},"2":{"start":{"line":7,"column":0},"end":{"line":7,"column":42}},"3":{"start":{"line":8,"column":0},"end":{"line":8,"column":34}},"4":{"start":{"line":9,"column":0},"end":{"line":9,"column":40}},"5":{"start":{"line":11,"column":2},"end":{"line":11,"column":61}},"6":{"start":{"line":15,"column":19},"end":{"line":15,"column":21}},"7":{"start":{"line":17,"column":2},"end":{"line":17,"column":40}},"8":{"start":{"line":18,"column":2},"end":{"line":18,"column":38}},"9":{"start":{"line":19,"column":2},"end":{"line":19,"column":32}},"10":{"start":{"line":20,"column":2},"end":{"line":20,"column":30}},"11":{"start":{"line":21,"column":2},"end":{"line":21,"column":45}},"12":{"start":{"line":23,"column":2},"end":{"line":23,"column":20}},"13":{"start":{"line":27,"column":15},"end":{"line":27,"column":17}},"14":{"start":{"line":29,"column":2},"end":{"line":29,"column":28}},"15":{"start":{"line":30,"column":2},"end":{"line":30,"column":34}},"16":{"start":{"line":31,"column":2},"end":{"line":31,"column":48}},"17":{"start":{"line":32,"column":2},"end":{"line":32,"column":36}},"18":{"start":{"line":33,"column":2},"end":{"line":33,"column":50}},"19":{"start":{"line":34,"column":2},"end":{"line":34,"column":32}},"20":{"start":{"line":35,"column":2},"end":{"line":35,"column":52}},"21":{"start":{"line":36,"column":2},"end":{"line":36,"column":59}},"22":{"start":{"line":37,"column":2},"end":{"line":37,"column":61}},"23":{"start":{"line":38,"column":2},"end":{"line":38,"column":47}},"24":{"start":{"line":39,"column":2},"end":{"line":39,"column":41}},"25":{"start":{"line":40,"column":2},"end":{"line":40,"column":42}},"26":{"start":{"line":41,"column":2},"end":{"line":41,"column":46}},"27":{"start":{"line":42,"column":2},"end":{"line":42,"column":71}},"28":{"start":{"line":43,"column":2},"end":{"line":43,"column":47}},"29":{"start":{"line":45,"column":2},"end":{"line":45,"column":60}},"30":{"start":{"line":47,"column":2},"end":{"line":47,"column":16}},"31":{"start":{"line":51,"column":18},"end":{"line":51,"column":20}},"32":{"start":{"line":53,"column":2},"end":{"line":53,"column":46}},"33":{"start":{"line":54,"column":2},"end":{"line":54,"column":74}},"34":{"start":{"line":56,"column":2},"end":{"line":56,"column":19}}},"fnMap":{"0":{"name":"parseBool","decl":{"start":{"line":10,"column":9},"end":{"line":10,"column":18}},"loc":{"start":{"line":10,"column":26},"end":{"line":12,"column":1}}},"1":{"name":"parseConnection","decl":{"start":{"line":14,"column":9},"end":{"line":14,"column":24}},"loc":{"start":{"line":14,"column":31},"end":{"line":24,"column":1}}},"2":{"name":"parseDevice","decl":{"start":{"line":26,"column":9},"end":{"line":26,"column":20}},"loc":{"start":{"line":26,"column":27},"end":{"line":48,"column":1}}},"3":{"name":"parseResources","decl":{"start":{"line":50,"column":9},"end":{"line":50,"column":23}},"loc":{"start":{"line":50,"column":30},"end":{"line":57,"column":1}}}},"branchMap":{"0":{"loc":{"start":{"line":11,"column":9},"end":{"line":11,"column":60}},"type":"binary-expr","locations":[{"start":{"line":11,"column":9},"end":{"line":11,"column":22}},{"start":{"line":11,"column":26},"end":{"line":11,"column":42}},{"start":{"line":11,"column":46},"end":{"line":11,"column":60}}]},"1":{"loc":{"start":{"line":54,"column":23},"end":{"line":54,"column":55}},"type":"binary-expr","locations":[{"start":{"line":54,"column":23},"end":{"line":54,"column":49}},{"start":{"line":54,"column":53},"end":{"line":54,"column":55}}]}},"s":{"0":1,"1":1,"2":1,"3":1,"4":1,"5":0,"6":0,"7":0,"8":0,"9":0,"10":0,"11":0,"12":0,"13":0,"14":0,"15":0,"16":0,"17":0,"18":0,"19":0,"20":0,"21":0,"22":0,"23":0,"24":0,"25":0,"26":0,"27":0,"28":0,"29":0,"30":0,"31":0,"32":0,"33":0,"34":0},"f":{"0":0,"1":0,"2":0,"3":0},"b":{"0":[0,0,0],"1":[0,0]},"_coverageSchema":"332fd63041d2c1bcb487cc26dd0d5f7d97098a6c","hash":"7e7b3aca59e0d491e3b5d598e7cd401954173a38","contentHash":"dbc8695f72fb5211acc8f6ba7873fb8d_10.0.0"},"/home/stayrad/projects/perplexed/lib/types/auth.js":{"path":"/home/stayrad/projects/perplexed/lib/types/auth.js","statementMap":{"0":{"start":{"line":3,"column":0},"end":{"line":5,"column":3}},"1":{"start":{"line":6,"column":0},"end":{"line":6,"column":30}},"2":{"start":{"line":7,"column":0},"end":{"line":7,"column":34}},"3":{"start":{"line":9,"column":13},"end":{"line":9,"column":15}},"4":{"start":{"line":11,"column":2},"end":{"line":11,"column":20}},"5":{"start":{"line":12,"column":2},"end":{"line":12,"column":24}},"6":{"start":{"line":13,"column":2},"end":{"line":13,"column":26}},"7":{"start":{"line":14,"column":2},"end":{"line":14,"column":34}},"8":{"start":{"line":15,"column":2},"end":{"line":15,"column":32}},"9":{"start":{"line":16,"column":2},"end":{"line":16,"column":26}},"10":{"start":{"line":17,"column":2},"end":{"line":17,"column":26}},"11":{"start":{"line":18,"column":2},"end":{"line":18,"column":34}},"12":{"start":{"line":19,"column":2},"end":{"line":19,"column":56}},"13":{"start":{"line":20,"column":2},"end":{"line":20,"column":40}},"14":{"start":{"line":21,"column":2},"end":{"line":21,"column":26}},"15":{"start":{"line":22,"column":2},"end":{"line":22,"column":40}},"16":{"start":{"line":23,"column":2},"end":{"line":23,"column":38}},"17":{"start":{"line":24,"column":2},"end":{"line":24,"column":30}},"18":{"start":{"line":25,"column":2},"end":{"line":25,"column":36}},"19":{"start":{"line":27,"column":2},"end":{"line":27,"column":14}},"20":{"start":{"line":31,"column":2},"end":{"line":31,"column":30}}},"fnMap":{"0":{"name":"parseUser","decl":{"start":{"line":8,"column":9},"end":{"line":8,"column":18}},"loc":{"start":{"line":8,"column":25},"end":{"line":28,"column":1}}},"1":{"name":"parseSignIn","decl":{"start":{"line":30,"column":9},"end":{"line":30,"column":20}},"loc":{"start":{"line":30,"column":27},"end":{"line":32,"column":1}}}},"branchMap":{},"s":{"0":1,"1":1,"2":1,"3":0,"4":0,"5":0,"6":0,"7":0,"8":0,"9":0,"10":0,"11":0,"12":0,"13":0,"14":0,"15":0,"16":0,"17":0,"18":0,"19":0,"20":0},"f":{"0":0,"1":0},"b":{},"_coverageSchema":"332fd63041d2c1bcb487cc26dd0d5f7d97098a6c","hash":"3f4777b9993971b9346f82ea1f5ae0c64ca293a1","contentHash":"7c201635b970b51801616e403b2bcabb_10.0.0"},"/home/stayrad/projects/perplexed/lib/client.js":{"path":"/home/stayrad/projects/perplexed/lib/client.js","statementMap":{"0":{"start":{"line":3,"column":0},"end":{"line":5,"column":3}},"1":{"start":{"line":7,"column":19},"end":{"line":7,"column":563}},"2":{"start":{"line":7,"column":76},"end":{"line":7,"column":347}},"3":{"start":{"line":7,"column":134},"end":{"line":7,"column":142}},"4":{"start":{"line":7,"column":144},"end":{"line":7,"column":199}},"5":{"start":{"line":7,"column":200},"end":{"line":7,"column":231}},"6":{"start":{"line":7,"column":232},"end":{"line":7,"column":286}},"7":{"start":{"line":7,"column":259},"end":{"line":7,"column":286}},"8":{"start":{"line":7,"column":287},"end":{"line":7,"column":345}},"9":{"start":{"line":7,"column":350},"end":{"line":7,"column":559}},"10":{"start":{"line":7,"column":407},"end":{"line":7,"column":475}},"11":{"start":{"line":7,"column":423},"end":{"line":7,"column":475}},"12":{"start":{"line":7,"column":476},"end":{"line":7,"column":536}},"13":{"start":{"line":7,"column":493},"end":{"line":7,"column":536}},"14":{"start":{"line":7,"column":537},"end":{"line":7,"column":556}},"15":{"start":{"line":9,"column":12},"end":{"line":9,"column":27}},"16":{"start":{"line":11,"column":13},"end":{"line":11,"column":42}},"17":{"start":{"line":13,"column":10},"end":{"line":13,"column":23}},"18":{"start":{"line":15,"column":11},"end":{"line":15,"column":38}},"19":{"start":{"line":17,"column":39},"end":{"line":17,"column":93}},"20":{"start":{"line":19,"column":50},"end":{"line":19,"column":151}},"21":{"start":{"line":19,"column":92},"end":{"line":19,"column":149}},"22":{"start":{"line":35,"column":13},"end":{"line":74,"column":3}},"23":{"start":{"line":37,"column":18},"end":{"line":37,"column":88}},"24":{"start":{"line":39,"column":4},"end":{"line":39,"column":34}},"25":{"start":{"line":41,"column":4},"end":{"line":41,"column":64}},"26":{"start":{"line":42,"column":4},"end":{"line":42,"column":52}},"27":{"start":{"line":43,"column":4},"end":{"line":43,"column":46}},"28":{"start":{"line":44,"column":4},"end":{"line":44,"column":60}},"29":{"start":{"line":45,"column":4},"end":{"line":45,"column":58}},"30":{"start":{"line":46,"column":4},"end":{"line":46,"column":50}},"31":{"start":{"line":47,"column":4},"end":{"line":47,"column":70}},"32":{"start":{"line":57,"column":2},"end":{"line":71,"column":6}},"33":{"start":{"line":60,"column":6},"end":{"line":69,"column":8}},"34":{"start":{"line":73,"column":2},"end":{"line":73,"column":16}},"35":{"start":{"line":76,"column":0},"end":{"line":76,"column":25}}},"fnMap":{"0":{"name":"(anonymous_0)","decl":{"start":{"line":7,"column":19},"end":{"line":7,"column":20}},"loc":{"start":{"line":7,"column":31},"end":{"line":7,"column":561}}},"1":{"name":"defineProperties","decl":{"start":{"line":7,"column":42},"end":{"line":7,"column":58}},"loc":{"start":{"line":7,"column":74},"end":{"line":7,"column":349}}},"2":{"name":"(anonymous_2)","decl":{"start":{"line":7,"column":357},"end":{"line":7,"column":358}},"loc":{"start":{"line":7,"column":405},"end":{"line":7,"column":558}}},"3":{"name":"_interopRequireDefault","decl":{"start":{"line":17,"column":9},"end":{"line":17,"column":31}},"loc":{"start":{"line":17,"column":37},"end":{"line":17,"column":95}}},"4":{"name":"_classCallCheck","decl":{"start":{"line":19,"column":9},"end":{"line":19,"column":24}},"loc":{"start":{"line":19,"column":48},"end":{"line":19,"column":153}}},"5":{"name":"(anonymous_5)","decl":{"start":{"line":35,"column":13},"end":{"line":35,"column":14}},"loc":{"start":{"line":35,"column":25},"end":{"line":74,"column":1}}},"6":{"name":"Client","decl":{"start":{"line":36,"column":11},"end":{"line":36,"column":17}},"loc":{"start":{"line":36,"column":20},"end":{"line":48,"column":3}}},"7":{"name":"headers","decl":{"start":{"line":59,"column":20},"end":{"line":59,"column":27}},"loc":{"start":{"line":59,"column":30},"end":{"line":70,"column":5}}}},"branchMap":{"0":{"loc":{"start":{"line":7,"column":168},"end":{"line":7,"column":198}},"type":"binary-expr","locations":[{"start":{"line":7,"column":168},"end":{"line":7,"column":189}},{"start":{"line":7,"column":193},"end":{"line":7,"column":198}}]},"1":{"loc":{"start":{"line":7,"column":232},"end":{"line":7,"column":286}},"type":"if","locations":[{"start":{"line":7,"column":232},"end":{"line":7,"column":286}},{"start":{"line":7,"column":232},"end":{"line":7,"column":286}}]},"2":{"loc":{"start":{"line":7,"column":407},"end":{"line":7,"column":475}},"type":"if","locations":[{"start":{"line":7,"column":407},"end":{"line":7,"column":475}},{"start":{"line":7,"column":407},"end":{"line":7,"column":475}}]},"3":{"loc":{"start":{"line":7,"column":476},"end":{"line":7,"column":536}},"type":"if","locations":[{"start":{"line":7,"column":476},"end":{"line":7,"column":536}},{"start":{"line":7,"column":476},"end":{"line":7,"column":536}}]},"4":{"loc":{"start":{"line":17,"column":46},"end":{"line":17,"column":92}},"type":"cond-expr","locations":[{"start":{"line":17,"column":70},"end":{"line":17,"column":73}},{"start":{"line":17,"column":76},"end":{"line":17,"column":92}}]},"5":{"loc":{"start":{"line":17,"column":46},"end":{"line":17,"column":67}},"type":"binary-expr","locations":[{"start":{"line":17,"column":46},"end":{"line":17,"column":49}},{"start":{"line":17,"column":53},"end":{"line":17,"column":67}}]},"6":{"loc":{"start":{"line":19,"column":50},"end":{"line":19,"column":151}},"type":"if","locations":[{"start":{"line":19,"column":50},"end":{"line":19,"column":151}},{"start":{"line":19,"column":50},"end":{"line":19,"column":151}}]},"7":{"loc":{"start":{"line":37,"column":18},"end":{"line":37,"column":88}},"type":"cond-expr","locations":[{"start":{"line":37,"column":71},"end":{"line":37,"column":83}},{"start":{"line":37,"column":86},"end":{"line":37,"column":88}}]},"8":{"loc":{"start":{"line":37,"column":18},"end":{"line":37,"column":68}},"type":"binary-expr","locations":[{"start":{"line":37,"column":18},"end":{"line":37,"column":38}},{"start":{"line":37,"column":42},"end":{"line":37,"column":68}}]},"9":{"loc":{"start":{"line":41,"column":22},"end":{"line":41,"column":63}},"type":"binary-expr","locations":[{"start":{"line":41,"column":22},"end":{"line":41,"column":40}},{"start":{"line":41,"column":44},"end":{"line":41,"column":63}}]},"10":{"loc":{"start":{"line":42,"column":19},"end":{"line":42,"column":51}},"type":"binary-expr","locations":[{"start":{"line":42,"column":19},"end":{"line":42,"column":34}},{"start":{"line":42,"column":38},"end":{"line":42,"column":51}}]},"11":{"loc":{"start":{"line":43,"column":19},"end":{"line":43,"column":45}},"type":"binary-expr","locations":[{"start":{"line":43,"column":19},"end":{"line":43,"column":34}},{"start":{"line":43,"column":38},"end":{"line":43,"column":45}}]},"12":{"loc":{"start":{"line":44,"column":18},"end":{"line":44,"column":59}},"type":"binary-expr","locations":[{"start":{"line":44,"column":18},"end":{"line":44,"column":32}},{"start":{"line":44,"column":36},"end":{"line":44,"column":59}}]},"13":{"loc":{"start":{"line":45,"column":22},"end":{"line":45,"column":57}},"type":"binary-expr","locations":[{"start":{"line":45,"column":22},"end":{"line":45,"column":40}},{"start":{"line":45,"column":44},"end":{"line":45,"column":57}}]},"14":{"loc":{"start":{"line":46,"column":20},"end":{"line":46,"column":49}},"type":"binary-expr","locations":[{"start":{"line":46,"column":20},"end":{"line":46,"column":36}},{"start":{"line":46,"column":40},"end":{"line":46,"column":49}}]},"15":{"loc":{"start":{"line":47,"column":27},"end":{"line":47,"column":69}},"type":"binary-expr","locations":[{"start":{"line":47,"column":27},"end":{"line":47,"column":50}},{"start":{"line":47,"column":54},"end":{"line":47,"column":69}}]}},"s":{"0":1,"1":1,"2":1,"3":1,"4":1,"5":1,"6":1,"7":1,"8":1,"9":1,"10":1,"11":1,"12":1,"13":0,"14":1,"15":1,"16":1,"17":1,"18":1,"19":2,"20":3,"21":0,"22":1,"23":3,"24":3,"25":3,"26":3,"27":3,"28":3,"29":3,"30":3,"31":3,"32":1,"33":1,"34":1,"35":1},"f":{"0":1,"1":1,"2":1,"3":2,"4":3,"5":1,"6":3,"7":1},"b":{"0":[1,1],"1":[1,0],"2":[1,0],"3":[0,1],"4":[0,2],"5":[2,2],"6":[0,3],"7":[2,1],"8":[3,2],"9":[3,1],"10":[3,1],"11":[3,1],"12":[3,1],"13":[3,1],"14":[3,1],"15":[3,1]},"_coverageSchema":"332fd63041d2c1bcb487cc26dd0d5f7d97098a6c","hash":"4161667e3a85e1bb726cbb80e7c5410d655b4001","contentHash":"cde55176a84578860c6f64afc558b509_10.0.0"},"/home/stayrad/projects/perplexed/lib/serverConnection.js":{"path":"/home/stayrad/projects/perplexed/lib/serverConnection.js","statementMap":{"0":{"start":{"line":3,"column":0},"end":{"line":5,"column":3}},"1":{"start":{"line":7,"column":15},"end":{"line":7,"column":256}},"2":{"start":{"line":7,"column":52},"end":{"line":7,"column":239}},"3":{"start":{"line":7,"column":110},"end":{"line":7,"column":122}},"4":{"start":{"line":7,"column":124},"end":{"line":7,"column":237}},"5":{"start":{"line":7,"column":150},"end":{"line":7,"column":235}},"6":{"start":{"line":7,"column":207},"end":{"line":7,"column":233}},"7":{"start":{"line":7,"column":240},"end":{"line":7,"column":254}},"8":{"start":{"line":9,"column":19},"end":{"line":9,"column":563}},"9":{"start":{"line":9,"column":76},"end":{"line":9,"column":347}},"10":{"start":{"line":9,"column":134},"end":{"line":9,"column":142}},"11":{"start":{"line":9,"column":144},"end":{"line":9,"column":199}},"12":{"start":{"line":9,"column":200},"end":{"line":9,"column":231}},"13":{"start":{"line":9,"column":232},"end":{"line":9,"column":286}},"14":{"start":{"line":9,"column":259},"end":{"line":9,"column":286}},"15":{"start":{"line":9,"column":287},"end":{"line":9,"column":345}},"16":{"start":{"line":9,"column":350},"end":{"line":9,"column":559}},"17":{"start":{"line":9,"column":407},"end":{"line":9,"column":475}},"18":{"start":{"line":9,"column":423},"end":{"line":9,"column":475}},"19":{"start":{"line":9,"column":476},"end":{"line":9,"column":536}},"20":{"start":{"line":9,"column":493},"end":{"line":9,"column":536}},"21":{"start":{"line":9,"column":537},"end":{"line":9,"column":556}},"22":{"start":{"line":11,"column":15},"end":{"line":11,"column":41}},"23":{"start":{"line":13,"column":50},"end":{"line":13,"column":151}},"24":{"start":{"line":13,"column":92},"end":{"line":13,"column":149}},"25":{"start":{"line":23,"column":23},"end":{"line":94,"column":3}},"26":{"start":{"line":25,"column":4},"end":{"line":25,"column":44}},"27":{"start":{"line":27,"column":4},"end":{"line":27,"column":19}},"28":{"start":{"line":28,"column":4},"end":{"line":28,"column":25}},"29":{"start":{"line":35,"column":2},"end":{"line":91,"column":6}},"30":{"start":{"line":38,"column":6},"end":{"line":38,"column":50}},"31":{"start":{"line":51,"column":6},"end":{"line":51,"column":63}},"32":{"start":{"line":65,"column":20},"end":{"line":65,"column":90}},"33":{"start":{"line":67,"column":16},"end":{"line":67,"column":33}},"34":{"start":{"line":68,"column":6},"end":{"line":70,"column":10}},"35":{"start":{"line":84,"column":20},"end":{"line":84,"column":90}},"36":{"start":{"line":86,"column":16},"end":{"line":86,"column":33}},"37":{"start":{"line":87,"column":6},"end":{"line":89,"column":10}},"38":{"start":{"line":93,"column":2},"end":{"line":93,"column":26}},"39":{"start":{"line":96,"column":0},"end":{"line":96,"column":35}}},"fnMap":{"0":{"name":"(anonymous_0)","decl":{"start":{"line":7,"column":32},"end":{"line":7,"column":33}},"loc":{"start":{"line":7,"column":50},"end":{"line":7,"column":256}}},"1":{"name":"(anonymous_1)","decl":{"start":{"line":9,"column":19},"end":{"line":9,"column":20}},"loc":{"start":{"line":9,"column":31},"end":{"line":9,"column":561}}},"2":{"name":"defineProperties","decl":{"start":{"line":9,"column":42},"end":{"line":9,"column":58}},"loc":{"start":{"line":9,"column":74},"end":{"line":9,"column":349}}},"3":{"name":"(anonymous_3)","decl":{"start":{"line":9,"column":357},"end":{"line":9,"column":358}},"loc":{"start":{"line":9,"column":405},"end":{"line":9,"column":558}}},"4":{"name":"_classCallCheck","decl":{"start":{"line":13,"column":9},"end":{"line":13,"column":24}},"loc":{"start":{"line":13,"column":48},"end":{"line":13,"column":153}}},"5":{"name":"(anonymous_5)","decl":{"start":{"line":23,"column":23},"end":{"line":23,"column":24}},"loc":{"start":{"line":23,"column":35},"end":{"line":94,"column":1}}},"6":{"name":"ServerConnection","decl":{"start":{"line":24,"column":11},"end":{"line":24,"column":27}},"loc":{"start":{"line":24,"column":41},"end":{"line":29,"column":3}}},"7":{"name":"headers","decl":{"start":{"line":37,"column":20},"end":{"line":37,"column":27}},"loc":{"start":{"line":37,"column":30},"end":{"line":39,"column":5}}},"8":{"name":"getUrl","decl":{"start":{"line":50,"column":20},"end":{"line":50,"column":26}},"loc":{"start":{"line":50,"column":41},"end":{"line":52,"column":5}}},"9":{"name":"fetch","decl":{"start":{"line":64,"column":20},"end":{"line":64,"column":25}},"loc":{"start":{"line":64,"column":32},"end":{"line":71,"column":5}}},"10":{"name":"fetchJSON","decl":{"start":{"line":83,"column":20},"end":{"line":83,"column":29}},"loc":{"start":{"line":83,"column":36},"end":{"line":90,"column":5}}}},"branchMap":{"0":{"loc":{"start":{"line":7,"column":15},"end":{"line":7,"column":256}},"type":"binary-expr","locations":[{"start":{"line":7,"column":15},"end":{"line":7,"column":28}},{"start":{"line":7,"column":32},"end":{"line":7,"column":256}}]},"1":{"loc":{"start":{"line":7,"column":150},"end":{"line":7,"column":235}},"type":"if","locations":[{"start":{"line":7,"column":150},"end":{"line":7,"column":235}},{"start":{"line":7,"column":150},"end":{"line":7,"column":235}}]},"2":{"loc":{"start":{"line":9,"column":168},"end":{"line":9,"column":198}},"type":"binary-expr","locations":[{"start":{"line":9,"column":168},"end":{"line":9,"column":189}},{"start":{"line":9,"column":193},"end":{"line":9,"column":198}}]},"3":{"loc":{"start":{"line":9,"column":232},"end":{"line":9,"column":286}},"type":"if","locations":[{"start":{"line":9,"column":232},"end":{"line":9,"column":286}},{"start":{"line":9,"column":232},"end":{"line":9,"column":286}}]},"4":{"loc":{"start":{"line":9,"column":407},"end":{"line":9,"column":475}},"type":"if","locations":[{"start":{"line":9,"column":407},"end":{"line":9,"column":475}},{"start":{"line":9,"column":407},"end":{"line":9,"column":475}}]},"5":{"loc":{"start":{"line":9,"column":476},"end":{"line":9,"column":536}},"type":"if","locations":[{"start":{"line":9,"column":476},"end":{"line":9,"column":536}},{"start":{"line":9,"column":476},"end":{"line":9,"column":536}}]},"6":{"loc":{"start":{"line":13,"column":50},"end":{"line":13,"column":151}},"type":"if","locations":[{"start":{"line":13,"column":50},"end":{"line":13,"column":151}},{"start":{"line":13,"column":50},"end":{"line":13,"column":151}}]},"7":{"loc":{"start":{"line":38,"column":13},"end":{"line":38,"column":49}},"type":"binary-expr","locations":[{"start":{"line":38,"column":13},"end":{"line":38,"column":24}},{"start":{"line":38,"column":28},"end":{"line":38,"column":49}}]},"8":{"loc":{"start":{"line":65,"column":20},"end":{"line":65,"column":90}},"type":"cond-expr","locations":[{"start":{"line":65,"column":73},"end":{"line":65,"column":85}},{"start":{"line":65,"column":88},"end":{"line":65,"column":90}}]},"9":{"loc":{"start":{"line":65,"column":20},"end":{"line":65,"column":70}},"type":"binary-expr","locations":[{"start":{"line":65,"column":20},"end":{"line":65,"column":40}},{"start":{"line":65,"column":44},"end":{"line":65,"column":70}}]},"10":{"loc":{"start":{"line":84,"column":20},"end":{"line":84,"column":90}},"type":"cond-expr","locations":[{"start":{"line":84,"column":73},"end":{"line":84,"column":85}},{"start":{"line":84,"column":88},"end":{"line":84,"column":90}}]},"11":{"loc":{"start":{"line":84,"column":20},"end":{"line":84,"column":70}},"type":"binary-expr","locations":[{"start":{"line":84,"column":20},"end":{"line":84,"column":40}},{"start":{"line":84,"column":44},"end":{"line":84,"column":70}}]}},"s":{"0":1,"1":1,"2":0,"3":0,"4":0,"5":0,"6":0,"7":0,"8":1,"9":1,"10":4,"11":4,"12":4,"13":4,"14":4,"15":4,"16":1,"17":1,"18":1,"19":1,"20":0,"21":1,"22":1,"23":0,"24":0,"25":1,"26":0,"27":0,"28":0,"29":1,"30":0,"31":0,"32":0,"33":0,"34":0,"35":0,"36":0,"37":0,"38":1,"39":1},"f":{"0":0,"1":1,"2":1,"3":1,"4":0,"5":1,"6":0,"7":0,"8":0,"9":0,"10":0},"b":{"0":[1,0],"1":[0,0],"2":[4,4],"3":[4,0],"4":[1,0],"5":[0,1],"6":[0,0],"7":[0,0],"8":[0,0],"9":[0,0],"10":[0,0],"11":[0,0]},"_coverageSchema":"332fd63041d2c1bcb487cc26dd0d5f7d97098a6c","hash":"63df31ab74690e466ce96d1df45c270835201540","contentHash":"72bafb9a8ef1dd5fdef0edec3cba688d_10.0.0"},"/home/stayrad/projects/perplexed/lib/library.js":{"path":"/home/stayrad/projects/perplexed/lib/library.js","statementMap":{"0":{"start":{"line":3,"column":0},"end":{"line":5,"column":3}},"1":{"start":{"line":6,"column":0},"end":{"line":6,"column":94}},"2":{"start":{"line":8,"column":15},"end":{"line":8,"column":256}},"3":{"start":{"line":8,"column":52},"end":{"line":8,"column":239}},"4":{"start":{"line":8,"column":110},"end":{"line":8,"column":122}},"5":{"start":{"line":8,"column":124},"end":{"line":8,"column":237}},"6":{"start":{"line":8,"column":150},"end":{"line":8,"column":235}},"7":{"start":{"line":8,"column":207},"end":{"line":8,"column":233}},"8":{"start":{"line":8,"column":240},"end":{"line":8,"column":254}},"9":{"start":{"line":10,"column":19},"end":{"line":10,"column":563}},"10":{"start":{"line":10,"column":76},"end":{"line":10,"column":347}},"11":{"start":{"line":10,"column":134},"end":{"line":10,"column":142}},"12":{"start":{"line":10,"column":144},"end":{"line":10,"column":199}},"13":{"start":{"line":10,"column":200},"end":{"line":10,"column":231}},"14":{"start":{"line":10,"column":232},"end":{"line":10,"column":286}},"15":{"start":{"line":10,"column":259},"end":{"line":10,"column":286}},"16":{"start":{"line":10,"column":287},"end":{"line":10,"column":345}},"17":{"start":{"line":10,"column":350},"end":{"line":10,"column":559}},"18":{"start":{"line":10,"column":407},"end":{"line":10,"column":475}},"19":{"start":{"line":10,"column":423},"end":{"line":10,"column":475}},"20":{"start":{"line":10,"column":476},"end":{"line":10,"column":536}},"21":{"start":{"line":10,"column":493},"end":{"line":10,"column":536}},"22":{"start":{"line":10,"column":537},"end":{"line":10,"column":556}},"23":{"start":{"line":12,"column":0},"end":{"line":12,"column":30}},"24":{"start":{"line":13,"column":0},"end":{"line":13,"column":38}},"25":{"start":{"line":15,"column":17},"end":{"line":15,"column":37}},"26":{"start":{"line":17,"column":14},"end":{"line":17,"column":31}},"27":{"start":{"line":19,"column":15},"end":{"line":19,"column":46}},"28":{"start":{"line":21,"column":14},"end":{"line":21,"column":39}},"29":{"start":{"line":23,"column":15},"end":{"line":23,"column":41}},"30":{"start":{"line":25,"column":13},"end":{"line":25,"column":37}},"31":{"start":{"line":27,"column":14},"end":{"line":27,"column":39}},"32":{"start":{"line":29,"column":13},"end":{"line":29,"column":37}},"33":{"start":{"line":31,"column":17},"end":{"line":31,"column":45}},"34":{"start":{"line":33,"column":16},"end":{"line":33,"column":43}},"35":{"start":{"line":35,"column":11},"end":{"line":35,"column":33}},"36":{"start":{"line":37,"column":39},"end":{"line":37,"column":93}},"37":{"start":{"line":39,"column":50},"end":{"line":39,"column":151}},"38":{"start":{"line":39,"column":92},"end":{"line":39,"column":149}},"39":{"start":{"line":42,"column":13},"end":{"line":42,"column":31}},"40":{"start":{"line":43,"column":12},"end":{"line":43,"column":29}},"41":{"start":{"line":44,"column":12},"end":{"line":44,"column":30}},"42":{"start":{"line":45,"column":15},"end":{"line":45,"column":36}},"43":{"start":{"line":48,"column":12},"end":{"line":48,"column":31}},"44":{"start":{"line":59,"column":2},"end":{"line":70,"column":3}},"45":{"start":{"line":61,"column":6},"end":{"line":61,"column":53}},"46":{"start":{"line":63,"column":6},"end":{"line":63,"column":51}},"47":{"start":{"line":65,"column":6},"end":{"line":65,"column":51}},"48":{"start":{"line":67,"column":6},"end":{"line":67,"column":50}},"49":{"start":{"line":69,"column":6},"end":{"line":69,"column":18}},"50":{"start":{"line":81,"column":2},"end":{"line":92,"column":3}},"51":{"start":{"line":83,"column":6},"end":{"line":83,"column":76}},"52":{"start":{"line":85,"column":6},"end":{"line":85,"column":74}},"53":{"start":{"line":87,"column":6},"end":{"line":87,"column":74}},"54":{"start":{"line":89,"column":6},"end":{"line":89,"column":73}},"55":{"start":{"line":91,"column":6},"end":{"line":91,"column":18}},"56":{"start":{"line":102,"column":14},"end":{"line":623,"column":3}},"57":{"start":{"line":104,"column":4},"end":{"line":104,"column":35}},"58":{"start":{"line":106,"column":4},"end":{"line":106,"column":32}},"59":{"start":{"line":123,"column":2},"end":{"line":620,"column":6}},"60":{"start":{"line":126,"column":20},"end":{"line":126,"column":90}},"61":{"start":{"line":128,"column":6},"end":{"line":130,"column":10}},"62":{"start":{"line":145,"column":6},"end":{"line":147,"column":9}},"63":{"start":{"line":146,"column":8},"end":{"line":146,"column":56}},"64":{"start":{"line":160,"column":6},"end":{"line":160,"column":62}},"65":{"start":{"line":175,"column":19},"end":{"line":175,"column":89}},"66":{"start":{"line":177,"column":6},"end":{"line":177,"column":74}},"67":{"start":{"line":178,"column":6},"end":{"line":178,"column":75}},"68":{"start":{"line":180,"column":17},"end":{"line":180,"column":58}},"69":{"start":{"line":181,"column":6},"end":{"line":188,"column":9}},"70":{"start":{"line":187,"column":8},"end":{"line":187,"column":36}},"71":{"start":{"line":203,"column":19},"end":{"line":203,"column":89}},"72":{"start":{"line":205,"column":6},"end":{"line":205,"column":64}},"73":{"start":{"line":206,"column":6},"end":{"line":206,"column":75}},"74":{"start":{"line":208,"column":17},"end":{"line":208,"column":42}},"75":{"start":{"line":209,"column":6},"end":{"line":211,"column":9}},"76":{"start":{"line":210,"column":8},"end":{"line":210,"column":36}},"77":{"start":{"line":226,"column":19},"end":{"line":226,"column":89}},"78":{"start":{"line":228,"column":6},"end":{"line":228,"column":64}},"79":{"start":{"line":229,"column":6},"end":{"line":229,"column":75}},"80":{"start":{"line":231,"column":17},"end":{"line":231,"column":56}},"81":{"start":{"line":232,"column":6},"end":{"line":234,"column":9}},"82":{"start":{"line":233,"column":8},"end":{"line":233,"column":36}},"83":{"start":{"line":252,"column":6},"end":{"line":252,"column":57}},"84":{"start":{"line":265,"column":6},"end":{"line":265,"column":43}},"85":{"start":{"line":280,"column":6},"end":{"line":280,"column":59}},"86":{"start":{"line":297,"column":19},"end":{"line":297,"column":89}},"87":{"start":{"line":299,"column":6},"end":{"line":299,"column":58}},"88":{"start":{"line":312,"column":6},"end":{"line":312,"column":45}},"89":{"start":{"line":327,"column":6},"end":{"line":327,"column":60}},"90":{"start":{"line":337,"column":17},"end":{"line":337,"column":33}},"91":{"start":{"line":338,"column":6},"end":{"line":345,"column":9}},"92":{"start":{"line":344,"column":8},"end":{"line":344,"column":58}},"93":{"start":{"line":350,"column":6},"end":{"line":352,"column":9}},"94":{"start":{"line":351,"column":8},"end":{"line":351,"column":82}},"95":{"start":{"line":357,"column":6},"end":{"line":361,"column":9}},"96":{"start":{"line":358,"column":8},"end":{"line":358,"column":58}},"97":{"start":{"line":360,"column":8},"end":{"line":360,"column":48}},"98":{"start":{"line":366,"column":6},"end":{"line":368,"column":9}},"99":{"start":{"line":367,"column":8},"end":{"line":367,"column":73}},"100":{"start":{"line":373,"column":17},"end":{"line":373,"column":46}},"101":{"start":{"line":374,"column":6},"end":{"line":376,"column":9}},"102":{"start":{"line":375,"column":8},"end":{"line":375,"column":49}},"103":{"start":{"line":381,"column":6},"end":{"line":383,"column":9}},"104":{"start":{"line":382,"column":8},"end":{"line":382,"column":73}},"105":{"start":{"line":388,"column":6},"end":{"line":393,"column":9}},"106":{"start":{"line":403,"column":18},"end":{"line":403,"column":87}},"107":{"start":{"line":405,"column":6},"end":{"line":412,"column":9}},"108":{"start":{"line":411,"column":8},"end":{"line":411,"column":48}},"109":{"start":{"line":417,"column":6},"end":{"line":419,"column":9}},"110":{"start":{"line":418,"column":8},"end":{"line":418,"column":72}},"111":{"start":{"line":431,"column":6},"end":{"line":436,"column":9}},"112":{"start":{"line":456,"column":6},"end":{"line":456,"column":52}},"113":{"start":{"line":473,"column":6},"end":{"line":479,"column":9}},"114":{"start":{"line":503,"column":20},"end":{"line":503,"column":90}},"115":{"start":{"line":505,"column":6},"end":{"line":519,"column":9}},"116":{"start":{"line":518,"column":8},"end":{"line":518,"column":37}},"117":{"start":{"line":542,"column":24},"end":{"line":542,"column":43}},"118":{"start":{"line":543,"column":21},"end":{"line":543,"column":37}},"119":{"start":{"line":544,"column":24},"end":{"line":544,"column":43}},"120":{"start":{"line":545,"column":22},"end":{"line":545,"column":39}},"121":{"start":{"line":546,"column":16},"end":{"line":546,"column":27}},"122":{"start":{"line":547,"column":24},"end":{"line":547,"column":43}},"123":{"start":{"line":549,"column":6},"end":{"line":559,"column":9}},"124":{"start":{"line":580,"column":23},"end":{"line":580,"column":93}},"125":{"start":{"line":582,"column":19},"end":{"line":585,"column":12}},"126":{"start":{"line":583,"column":8},"end":{"line":583,"column":46}},"127":{"start":{"line":584,"column":8},"end":{"line":584,"column":19}},"128":{"start":{"line":587,"column":6},"end":{"line":589,"column":7}},"129":{"start":{"line":588,"column":8},"end":{"line":588,"column":82}},"130":{"start":{"line":591,"column":6},"end":{"line":598,"column":9}},"131":{"start":{"line":608,"column":6},"end":{"line":608,"column":78}},"132":{"start":{"line":618,"column":6},"end":{"line":618,"column":80}},"133":{"start":{"line":622,"column":2},"end":{"line":622,"column":17}},"134":{"start":{"line":625,"column":0},"end":{"line":625,"column":26}}},"fnMap":{"0":{"name":"(anonymous_0)","decl":{"start":{"line":8,"column":32},"end":{"line":8,"column":33}},"loc":{"start":{"line":8,"column":50},"end":{"line":8,"column":256}}},"1":{"name":"(anonymous_1)","decl":{"start":{"line":10,"column":19},"end":{"line":10,"column":20}},"loc":{"start":{"line":10,"column":31},"end":{"line":10,"column":561}}},"2":{"name":"defineProperties","decl":{"start":{"line":10,"column":42},"end":{"line":10,"column":58}},"loc":{"start":{"line":10,"column":74},"end":{"line":10,"column":349}}},"3":{"name":"(anonymous_3)","decl":{"start":{"line":10,"column":357},"end":{"line":10,"column":358}},"loc":{"start":{"line":10,"column":405},"end":{"line":10,"column":558}}},"4":{"name":"_interopRequireDefault","decl":{"start":{"line":37,"column":9},"end":{"line":37,"column":31}},"loc":{"start":{"line":37,"column":37},"end":{"line":37,"column":95}}},"5":{"name":"_classCallCheck","decl":{"start":{"line":39,"column":9},"end":{"line":39,"column":24}},"loc":{"start":{"line":39,"column":48},"end":{"line":39,"column":153}}},"6":{"name":"parseType","decl":{"start":{"line":58,"column":9},"end":{"line":58,"column":18}},"loc":{"start":{"line":58,"column":31},"end":{"line":71,"column":1}}},"7":{"name":"normalizeType","decl":{"start":{"line":80,"column":9},"end":{"line":80,"column":22}},"loc":{"start":{"line":80,"column":35},"end":{"line":93,"column":1}}},"8":{"name":"(anonymous_8)","decl":{"start":{"line":102,"column":14},"end":{"line":102,"column":15}},"loc":{"start":{"line":102,"column":26},"end":{"line":623,"column":1}}},"9":{"name":"Library","decl":{"start":{"line":103,"column":11},"end":{"line":103,"column":18}},"loc":{"start":{"line":103,"column":37},"end":{"line":107,"column":3}}},"10":{"name":"fetchJSON","decl":{"start":{"line":125,"column":20},"end":{"line":125,"column":29}},"loc":{"start":{"line":125,"column":35},"end":{"line":131,"column":5}}},"11":{"name":"sections","decl":{"start":{"line":144,"column":20},"end":{"line":144,"column":28}},"loc":{"start":{"line":144,"column":31},"end":{"line":148,"column":5}}},"12":{"name":"(anonymous_12)","decl":{"start":{"line":145,"column":54},"end":{"line":145,"column":55}},"loc":{"start":{"line":145,"column":69},"end":{"line":147,"column":7}}},"13":{"name":"section","decl":{"start":{"line":159,"column":20},"end":{"line":159,"column":27}},"loc":{"start":{"line":159,"column":39},"end":{"line":161,"column":5}}},"14":{"name":"sectionItems","decl":{"start":{"line":174,"column":20},"end":{"line":174,"column":32}},"loc":{"start":{"line":174,"column":50},"end":{"line":189,"column":5}}},"15":{"name":"(anonymous_15)","decl":{"start":{"line":186,"column":14},"end":{"line":186,"column":15}},"loc":{"start":{"line":186,"column":29},"end":{"line":188,"column":7}}},"16":{"name":"metadata","decl":{"start":{"line":202,"column":20},"end":{"line":202,"column":28}},"loc":{"start":{"line":202,"column":39},"end":{"line":212,"column":5}}},"17":{"name":"(anonymous_17)","decl":{"start":{"line":209,"column":59},"end":{"line":209,"column":60}},"loc":{"start":{"line":209,"column":74},"end":{"line":211,"column":7}}},"18":{"name":"metadataChildren","decl":{"start":{"line":225,"column":20},"end":{"line":225,"column":36}},"loc":{"start":{"line":225,"column":47},"end":{"line":235,"column":5}}},"19":{"name":"(anonymous_19)","decl":{"start":{"line":232,"column":59},"end":{"line":232,"column":60}},"loc":{"start":{"line":232,"column":74},"end":{"line":234,"column":7}}},"20":{"name":"albums","decl":{"start":{"line":251,"column":20},"end":{"line":251,"column":26}},"loc":{"start":{"line":251,"column":46},"end":{"line":253,"column":5}}},"21":{"name":"album","decl":{"start":{"line":264,"column":20},"end":{"line":264,"column":25}},"loc":{"start":{"line":264,"column":35},"end":{"line":266,"column":5}}},"22":{"name":"albumTracks","decl":{"start":{"line":279,"column":20},"end":{"line":279,"column":31}},"loc":{"start":{"line":279,"column":49},"end":{"line":281,"column":5}}},"23":{"name":"artists","decl":{"start":{"line":296,"column":20},"end":{"line":296,"column":27}},"loc":{"start":{"line":296,"column":39},"end":{"line":300,"column":5}}},"24":{"name":"artist","decl":{"start":{"line":311,"column":20},"end":{"line":311,"column":26}},"loc":{"start":{"line":311,"column":37},"end":{"line":313,"column":5}}},"25":{"name":"artistAlbums","decl":{"start":{"line":326,"column":20},"end":{"line":326,"column":32}},"loc":{"start":{"line":326,"column":51},"end":{"line":328,"column":5}}},"26":{"name":"playlists","decl":{"start":{"line":336,"column":20},"end":{"line":336,"column":29}},"loc":{"start":{"line":336,"column":38},"end":{"line":346,"column":5}}},"27":{"name":"(anonymous_27)","decl":{"start":{"line":343,"column":14},"end":{"line":343,"column":15}},"loc":{"start":{"line":343,"column":29},"end":{"line":345,"column":7}}},"28":{"name":"normalizedPlaylists","decl":{"start":{"line":349,"column":20},"end":{"line":349,"column":39}},"loc":{"start":{"line":349,"column":48},"end":{"line":353,"column":5}}},"29":{"name":"(anonymous_29)","decl":{"start":{"line":350,"column":41},"end":{"line":350,"column":42}},"loc":{"start":{"line":350,"column":57},"end":{"line":352,"column":7}}},"30":{"name":"playlist","decl":{"start":{"line":356,"column":20},"end":{"line":356,"column":28}},"loc":{"start":{"line":356,"column":33},"end":{"line":362,"column":5}}},"31":{"name":"(anonymous_31)","decl":{"start":{"line":357,"column":53},"end":{"line":357,"column":54}},"loc":{"start":{"line":357,"column":68},"end":{"line":359,"column":7}}},"32":{"name":"(anonymous_32)","decl":{"start":{"line":359,"column":14},"end":{"line":359,"column":15}},"loc":{"start":{"line":359,"column":30},"end":{"line":361,"column":7}}},"33":{"name":"normalizedPlaylist","decl":{"start":{"line":365,"column":20},"end":{"line":365,"column":38}},"loc":{"start":{"line":365,"column":43},"end":{"line":369,"column":5}}},"34":{"name":"(anonymous_34)","decl":{"start":{"line":366,"column":36},"end":{"line":366,"column":37}},"loc":{"start":{"line":366,"column":52},"end":{"line":368,"column":7}}},"35":{"name":"playlistTracks","decl":{"start":{"line":372,"column":20},"end":{"line":372,"column":34}},"loc":{"start":{"line":372,"column":47},"end":{"line":377,"column":5}}},"36":{"name":"(anonymous_36)","decl":{"start":{"line":374,"column":59},"end":{"line":374,"column":60}},"loc":{"start":{"line":374,"column":74},"end":{"line":376,"column":7}}},"37":{"name":"normalizedPlaylistTracks","decl":{"start":{"line":380,"column":20},"end":{"line":380,"column":44}},"loc":{"start":{"line":380,"column":57},"end":{"line":384,"column":5}}},"38":{"name":"(anonymous_38)","decl":{"start":{"line":381,"column":50},"end":{"line":381,"column":51}},"loc":{"start":{"line":381,"column":66},"end":{"line":383,"column":7}}},"39":{"name":"addToPlaylist","decl":{"start":{"line":387,"column":20},"end":{"line":387,"column":33}},"loc":{"start":{"line":387,"column":51},"end":{"line":394,"column":5}}},"40":{"name":"searchAll","decl":{"start":{"line":402,"column":20},"end":{"line":402,"column":29}},"loc":{"start":{"line":402,"column":37},"end":{"line":413,"column":5}}},"41":{"name":"(anonymous_41)","decl":{"start":{"line":410,"column":14},"end":{"line":410,"column":15}},"loc":{"start":{"line":410,"column":29},"end":{"line":412,"column":7}}},"42":{"name":"normalizedSearchAll","decl":{"start":{"line":416,"column":20},"end":{"line":416,"column":39}},"loc":{"start":{"line":416,"column":54},"end":{"line":420,"column":5}}},"43":{"name":"(anonymous_43)","decl":{"start":{"line":417,"column":47},"end":{"line":417,"column":48}},"loc":{"start":{"line":417,"column":63},"end":{"line":419,"column":7}}},"44":{"name":"searchTracks","decl":{"start":{"line":430,"column":20},"end":{"line":430,"column":32}},"loc":{"start":{"line":430,"column":40},"end":{"line":437,"column":5}}},"45":{"name":"resizePhoto","decl":{"start":{"line":455,"column":20},"end":{"line":455,"column":31}},"loc":{"start":{"line":455,"column":40},"end":{"line":457,"column":5}}},"46":{"name":"rate","decl":{"start":{"line":472,"column":20},"end":{"line":472,"column":24}},"loc":{"start":{"line":472,"column":42},"end":{"line":480,"column":5}}},"47":{"name":"createQueue","decl":{"start":{"line":502,"column":20},"end":{"line":502,"column":31}},"loc":{"start":{"line":502,"column":34},"end":{"line":520,"column":5}}},"48":{"name":"(anonymous_48)","decl":{"start":{"line":517,"column":14},"end":{"line":517,"column":15}},"loc":{"start":{"line":517,"column":29},"end":{"line":519,"column":7}}},"49":{"name":"timeline","decl":{"start":{"line":541,"column":20},"end":{"line":541,"column":28}},"loc":{"start":{"line":541,"column":38},"end":{"line":560,"column":5}}},"50":{"name":"modifyGenre","decl":{"start":{"line":579,"column":20},"end":{"line":579,"column":31}},"loc":{"start":{"line":579,"column":62},"end":{"line":599,"column":5}}},"51":{"name":"(anonymous_51)","decl":{"start":{"line":582,"column":34},"end":{"line":582,"column":35}},"loc":{"start":{"line":582,"column":57},"end":{"line":585,"column":7}}},"52":{"name":"modifyAlbumGenre","decl":{"start":{"line":607,"column":20},"end":{"line":607,"column":36}},"loc":{"start":{"line":607,"column":78},"end":{"line":609,"column":5}}},"53":{"name":"modifyArtistGenre","decl":{"start":{"line":617,"column":20},"end":{"line":617,"column":37}},"loc":{"start":{"line":617,"column":80},"end":{"line":619,"column":5}}}},"branchMap":{"0":{"loc":{"start":{"line":8,"column":15},"end":{"line":8,"column":256}},"type":"binary-expr","locations":[{"start":{"line":8,"column":15},"end":{"line":8,"column":28}},{"start":{"line":8,"column":32},"end":{"line":8,"column":256}}]},"1":{"loc":{"start":{"line":8,"column":150},"end":{"line":8,"column":235}},"type":"if","locations":[{"start":{"line":8,"column":150},"end":{"line":8,"column":235}},{"start":{"line":8,"column":150},"end":{"line":8,"column":235}}]},"2":{"loc":{"start":{"line":10,"column":168},"end":{"line":10,"column":198}},"type":"binary-expr","locations":[{"start":{"line":10,"column":168},"end":{"line":10,"column":189}},{"start":{"line":10,"column":193},"end":{"line":10,"column":198}}]},"3":{"loc":{"start":{"line":10,"column":232},"end":{"line":10,"column":286}},"type":"if","locations":[{"start":{"line":10,"column":232},"end":{"line":10,"column":286}},{"start":{"line":10,"column":232},"end":{"line":10,"column":286}}]},"4":{"loc":{"start":{"line":10,"column":407},"end":{"line":10,"column":475}},"type":"if","locations":[{"start":{"line":10,"column":407},"end":{"line":10,"column":475}},{"start":{"line":10,"column":407},"end":{"line":10,"column":475}}]},"5":{"loc":{"start":{"line":10,"column":476},"end":{"line":10,"column":536}},"type":"if","locations":[{"start":{"line":10,"column":476},"end":{"line":10,"column":536}},{"start":{"line":10,"column":476},"end":{"line":10,"column":536}}]},"6":{"loc":{"start":{"line":37,"column":46},"end":{"line":37,"column":92}},"type":"cond-expr","locations":[{"start":{"line":37,"column":70},"end":{"line":37,"column":73}},{"start":{"line":37,"column":76},"end":{"line":37,"column":92}}]},"7":{"loc":{"start":{"line":37,"column":46},"end":{"line":37,"column":67}},"type":"binary-expr","locations":[{"start":{"line":37,"column":46},"end":{"line":37,"column":49}},{"start":{"line":37,"column":53},"end":{"line":37,"column":67}}]},"8":{"loc":{"start":{"line":39,"column":50},"end":{"line":39,"column":151}},"type":"if","locations":[{"start":{"line":39,"column":50},"end":{"line":39,"column":151}},{"start":{"line":39,"column":50},"end":{"line":39,"column":151}}]},"9":{"loc":{"start":{"line":59,"column":2},"end":{"line":70,"column":3}},"type":"switch","locations":[{"start":{"line":60,"column":4},"end":{"line":61,"column":53}},{"start":{"line":62,"column":4},"end":{"line":63,"column":51}},{"start":{"line":64,"column":4},"end":{"line":65,"column":51}},{"start":{"line":66,"column":4},"end":{"line":67,"column":50}},{"start":{"line":68,"column":4},"end":{"line":69,"column":18}}]},"10":{"loc":{"start":{"line":81,"column":2},"end":{"line":92,"column":3}},"type":"switch","locations":[{"start":{"line":82,"column":4},"end":{"line":83,"column":76}},{"start":{"line":84,"column":4},"end":{"line":85,"column":74}},{"start":{"line":86,"column":4},"end":{"line":87,"column":74}},{"start":{"line":88,"column":4},"end":{"line":89,"column":73}},{"start":{"line":90,"column":4},"end":{"line":91,"column":18}}]},"11":{"loc":{"start":{"line":126,"column":20},"end":{"line":126,"column":90}},"type":"cond-expr","locations":[{"start":{"line":126,"column":73},"end":{"line":126,"column":85}},{"start":{"line":126,"column":88},"end":{"line":126,"column":90}}]},"12":{"loc":{"start":{"line":126,"column":20},"end":{"line":126,"column":70}},"type":"binary-expr","locations":[{"start":{"line":126,"column":20},"end":{"line":126,"column":40}},{"start":{"line":126,"column":44},"end":{"line":126,"column":70}}]},"13":{"loc":{"start":{"line":175,"column":19},"end":{"line":175,"column":89}},"type":"cond-expr","locations":[{"start":{"line":175,"column":72},"end":{"line":175,"column":84}},{"start":{"line":175,"column":87},"end":{"line":175,"column":89}}]},"14":{"loc":{"start":{"line":175,"column":19},"end":{"line":175,"column":69}},"type":"binary-expr","locations":[{"start":{"line":175,"column":19},"end":{"line":175,"column":39}},{"start":{"line":175,"column":43},"end":{"line":175,"column":69}}]},"15":{"loc":{"start":{"line":203,"column":19},"end":{"line":203,"column":89}},"type":"cond-expr","locations":[{"start":{"line":203,"column":72},"end":{"line":203,"column":84}},{"start":{"line":203,"column":87},"end":{"line":203,"column":89}}]},"16":{"loc":{"start":{"line":203,"column":19},"end":{"line":203,"column":69}},"type":"binary-expr","locations":[{"start":{"line":203,"column":19},"end":{"line":203,"column":39}},{"start":{"line":203,"column":43},"end":{"line":203,"column":69}}]},"17":{"loc":{"start":{"line":226,"column":19},"end":{"line":226,"column":89}},"type":"cond-expr","locations":[{"start":{"line":226,"column":72},"end":{"line":226,"column":84}},{"start":{"line":226,"column":87},"end":{"line":226,"column":89}}]},"18":{"loc":{"start":{"line":226,"column":19},"end":{"line":226,"column":69}},"type":"binary-expr","locations":[{"start":{"line":226,"column":19},"end":{"line":226,"column":39}},{"start":{"line":226,"column":43},"end":{"line":226,"column":69}}]},"19":{"loc":{"start":{"line":297,"column":19},"end":{"line":297,"column":89}},"type":"cond-expr","locations":[{"start":{"line":297,"column":72},"end":{"line":297,"column":84}},{"start":{"line":297,"column":87},"end":{"line":297,"column":89}}]},"20":{"loc":{"start":{"line":297,"column":19},"end":{"line":297,"column":69}},"type":"binary-expr","locations":[{"start":{"line":297,"column":19},"end":{"line":297,"column":39}},{"start":{"line":297,"column":43},"end":{"line":297,"column":69}}]},"21":{"loc":{"start":{"line":360,"column":15},"end":{"line":360,"column":47}},"type":"cond-expr","locations":[{"start":{"line":360,"column":33},"end":{"line":360,"column":40}},{"start":{"line":360,"column":43},"end":{"line":360,"column":47}}]},"22":{"loc":{"start":{"line":403,"column":18},"end":{"line":403,"column":87}},"type":"cond-expr","locations":[{"start":{"line":403,"column":71},"end":{"line":403,"column":83}},{"start":{"line":403,"column":86},"end":{"line":403,"column":87}}]},"23":{"loc":{"start":{"line":403,"column":18},"end":{"line":403,"column":68}},"type":"binary-expr","locations":[{"start":{"line":403,"column":18},"end":{"line":403,"column":38}},{"start":{"line":403,"column":42},"end":{"line":403,"column":68}}]},"24":{"loc":{"start":{"line":503,"column":20},"end":{"line":503,"column":90}},"type":"cond-expr","locations":[{"start":{"line":503,"column":73},"end":{"line":503,"column":85}},{"start":{"line":503,"column":88},"end":{"line":503,"column":90}}]},"25":{"loc":{"start":{"line":503,"column":20},"end":{"line":503,"column":70}},"type":"binary-expr","locations":[{"start":{"line":503,"column":20},"end":{"line":503,"column":40}},{"start":{"line":503,"column":44},"end":{"line":503,"column":70}}]},"26":{"loc":{"start":{"line":512,"column":19},"end":{"line":512,"column":42}},"type":"cond-expr","locations":[{"start":{"line":512,"column":37},"end":{"line":512,"column":38}},{"start":{"line":512,"column":41},"end":{"line":512,"column":42}}]},"27":{"loc":{"start":{"line":513,"column":18},"end":{"line":513,"column":40}},"type":"cond-expr","locations":[{"start":{"line":513,"column":35},"end":{"line":513,"column":36}},{"start":{"line":513,"column":39},"end":{"line":513,"column":40}}]},"28":{"loc":{"start":{"line":514,"column":27},"end":{"line":514,"column":58}},"type":"cond-expr","locations":[{"start":{"line":514,"column":53},"end":{"line":514,"column":54}},{"start":{"line":514,"column":57},"end":{"line":514,"column":58}}]},"29":{"loc":{"start":{"line":515,"column":26},"end":{"line":515,"column":56}},"type":"cond-expr","locations":[{"start":{"line":515,"column":51},"end":{"line":515,"column":52}},{"start":{"line":515,"column":55},"end":{"line":515,"column":56}}]},"30":{"loc":{"start":{"line":580,"column":23},"end":{"line":580,"column":93}},"type":"cond-expr","locations":[{"start":{"line":580,"column":76},"end":{"line":580,"column":88}},{"start":{"line":580,"column":91},"end":{"line":580,"column":93}}]},"31":{"loc":{"start":{"line":580,"column":23},"end":{"line":580,"column":73}},"type":"binary-expr","locations":[{"start":{"line":580,"column":23},"end":{"line":580,"column":43}},{"start":{"line":580,"column":47},"end":{"line":580,"column":73}}]},"32":{"loc":{"start":{"line":587,"column":6},"end":{"line":589,"column":7}},"type":"if","locations":[{"start":{"line":587,"column":6},"end":{"line":589,"column":7}},{"start":{"line":587,"column":6},"end":{"line":589,"column":7}}]}},"s":{"0":1,"1":1,"2":1,"3":0,"4":0,"5":0,"6":0,"7":0,"8":0,"9":1,"10":1,"11":29,"12":29,"13":29,"14":29,"15":29,"16":29,"17":1,"18":1,"19":1,"20":1,"21":0,"22":1,"23":1,"24":1,"25":1,"26":1,"27":1,"28":1,"29":1,"30":1,"31":1,"32":1,"33":1,"34":1,"35":1,"36":1,"37":0,"38":0,"39":1,"40":1,"41":1,"42":1,"43":1,"44":0,"45":0,"46":0,"47":0,"48":0,"49":0,"50":0,"51":0,"52":0,"53":0,"54":0,"55":0,"56":1,"57":0,"58":0,"59":1,"60":0,"61":0,"62":0,"63":0,"64":0,"65":0,"66":0,"67":0,"68":0,"69":0,"70":0,"71":0,"72":0,"73":0,"74":0,"75":0,"76":0,"77":0,"78":0,"79":0,"80":0,"81":0,"82":0,"83":0,"84":0,"85":0,"86":0,"87":0,"88":0,"89":0,"90":0,"91":0,"92":0,"93":0,"94":0,"95":0,"96":0,"97":0,"98":0,"99":0,"100":0,"101":0,"102":0,"103":0,"104":0,"105":0,"106":0,"107":0,"108":0,"109":0,"110":0,"111":0,"112":0,"113":0,"114":0,"115":0,"116":0,"117":0,"118":0,"119":0,"120":0,"121":0,"122":0,"123":0,"124":0,"125":0,"126":0,"127":0,"128":0,"129":0,"130":0,"131":0,"132":0,"133":1,"134":1},"f":{"0":0,"1":1,"2":1,"3":1,"4":1,"5":0,"6":0,"7":0,"8":1,"9":0,"10":0,"11":0,"12":0,"13":0,"14":0,"15":0,"16":0,"17":0,"18":0,"19":0,"20":0,"21":0,"22":0,"23":0,"24":0,"25":0,"26":0,"27":0,"28":0,"29":0,"30":0,"31":0,"32":0,"33":0,"34":0,"35":0,"36":0,"37":0,"38":0,"39":0,"40":0,"41":0,"42":0,"43":0,"44":0,"45":0,"46":0,"47":0,"48":0,"49":0,"50":0,"51":0,"52":0,"53":0},"b":{"0":[1,0],"1":[0,0],"2":[29,29],"3":[29,0],"4":[1,0],"5":[0,1],"6":[0,1],"7":[1,1],"8":[0,0],"9":[0,0,0,0,0],"10":[0,0,0,0,0],"11":[0,0],"12":[0,0],"13":[0,0],"14":[0,0],"15":[0,0],"16":[0,0],"17":[0,0],"18":[0,0],"19":[0,0],"20":[0,0],"21":[0,0],"22":[0,0],"23":[0,0],"24":[0,0],"25":[0,0],"26":[0,0],"27":[0,0],"28":[0,0],"29":[0,0],"30":[0,0],"31":[0,0],"32":[0,0]},"_coverageSchema":"332fd63041d2c1bcb487cc26dd0d5f7d97098a6c","hash":"0e9250be2be693c8f45e4dad3f06d5d81eb92ba8","contentHash":"039061d0f89954be69c9a3a260f3bd1d_10.0.0"},"/home/stayrad/projects/perplexed/lib/utils/params.js":{"path":"/home/stayrad/projects/perplexed/lib/utils/params.js","statementMap":{"0":{"start":{"line":3,"column":0},"end":{"line":5,"column":3}},"1":{"start":{"line":6,"column":0},"end":{"line":6,"column":50}},"2":{"start":{"line":8,"column":60},"end":{"line":8,"column":62}},"3":{"start":{"line":8,"column":64},"end":{"line":8,"column":203}},"4":{"start":{"line":8,"column":85},"end":{"line":8,"column":120}},"5":{"start":{"line":8,"column":111},"end":{"line":8,"column":120}},"6":{"start":{"line":8,"column":121},"end":{"line":8,"column":181}},"7":{"start":{"line":8,"column":172},"end":{"line":8,"column":181}},"8":{"start":{"line":8,"column":182},"end":{"line":8,"column":201}},"9":{"start":{"line":8,"column":204},"end":{"line":8,"column":218}},"10":{"start":{"line":19,"column":16},"end":{"line":19,"column":86}},"11":{"start":{"line":21,"column":14},"end":{"line":21,"column":27}},"12":{"start":{"line":22,"column":13},"end":{"line":22,"column":25}},"13":{"start":{"line":23,"column":15},"end":{"line":23,"column":67}},"14":{"start":{"line":25,"column":2},"end":{"line":28,"column":3}},"15":{"start":{"line":26,"column":4},"end":{"line":26,"column":54}},"16":{"start":{"line":27,"column":4},"end":{"line":27,"column":90}},"17":{"start":{"line":29,"column":2},"end":{"line":29,"column":16}}},"fnMap":{"0":{"name":"_objectWithoutProperties","decl":{"start":{"line":8,"column":9},"end":{"line":8,"column":33}},"loc":{"start":{"line":8,"column":45},"end":{"line":8,"column":220}}},"1":{"name":"withContainerParams","decl":{"start":{"line":18,"column":9},"end":{"line":18,"column":28}},"loc":{"start":{"line":18,"column":31},"end":{"line":30,"column":1}}}},"branchMap":{"0":{"loc":{"start":{"line":8,"column":85},"end":{"line":8,"column":120}},"type":"if","locations":[{"start":{"line":8,"column":85},"end":{"line":8,"column":120}},{"start":{"line":8,"column":85},"end":{"line":8,"column":120}}]},"1":{"loc":{"start":{"line":8,"column":121},"end":{"line":8,"column":181}},"type":"if","locations":[{"start":{"line":8,"column":121},"end":{"line":8,"column":181}},{"start":{"line":8,"column":121},"end":{"line":8,"column":181}}]},"2":{"loc":{"start":{"line":19,"column":16},"end":{"line":19,"column":86}},"type":"cond-expr","locations":[{"start":{"line":19,"column":69},"end":{"line":19,"column":81}},{"start":{"line":19,"column":84},"end":{"line":19,"column":86}}]},"3":{"loc":{"start":{"line":19,"column":16},"end":{"line":19,"column":66}},"type":"binary-expr","locations":[{"start":{"line":19,"column":16},"end":{"line":19,"column":36}},{"start":{"line":19,"column":40},"end":{"line":19,"column":66}}]},"4":{"loc":{"start":{"line":25,"column":2},"end":{"line":28,"column":3}},"type":"if","locations":[{"start":{"line":25,"column":2},"end":{"line":28,"column":3}},{"start":{"line":25,"column":2},"end":{"line":28,"column":3}}]},"5":{"loc":{"start":{"line":27,"column":39},"end":{"line":27,"column":89}},"type":"cond-expr","locations":[{"start":{"line":27,"column":67},"end":{"line":27,"column":83}},{"start":{"line":27,"column":86},"end":{"line":27,"column":89}}]}},"s":{"0":1,"1":1,"2":0,"3":0,"4":0,"5":0,"6":0,"7":0,"8":0,"9":0,"10":0,"11":0,"12":0,"13":0,"14":0,"15":0,"16":0,"17":0},"f":{"0":0,"1":0},"b":{"0":[0,0],"1":[0,0],"2":[0,0],"3":[0,0],"4":[0,0],"5":[0,0]},"_coverageSchema":"332fd63041d2c1bcb487cc26dd0d5f7d97098a6c","hash":"40dc26701a0dedefea56bfc5c13c2e5bf284f5bf","contentHash":"6332af14560c5a9dd6afeead2ce7f977_10.0.0"},"/home/stayrad/projects/perplexed/lib/types/section.js":{"path":"/home/stayrad/projects/perplexed/lib/types/section.js","statementMap":{"0":{"start":{"line":3,"column":0},"end":{"line":5,"column":3}},"1":{"start":{"line":7,"column":15},"end":{"line":7,"column":256}},"2":{"start":{"line":7,"column":52},"end":{"line":7,"column":239}},"3":{"start":{"line":7,"column":110},"end":{"line":7,"column":122}},"4":{"start":{"line":7,"column":124},"end":{"line":7,"column":237}},"5":{"start":{"line":7,"column":150},"end":{"line":7,"column":235}},"6":{"start":{"line":7,"column":207},"end":{"line":7,"column":233}},"7":{"start":{"line":7,"column":240},"end":{"line":7,"column":254}},"8":{"start":{"line":9,"column":0},"end":{"line":9,"column":36}},"9":{"start":{"line":10,"column":0},"end":{"line":10,"column":54}},"10":{"start":{"line":12,"column":22},"end":{"line":12,"column":49}},"11":{"start":{"line":14,"column":23},"end":{"line":14,"column":62}},"12":{"start":{"line":16,"column":39},"end":{"line":16,"column":93}},"13":{"start":{"line":19,"column":16},"end":{"line":19,"column":18}},"14":{"start":{"line":21,"column":2},"end":{"line":21,"column":37}},"15":{"start":{"line":22,"column":2},"end":{"line":22,"column":25}},"16":{"start":{"line":23,"column":2},"end":{"line":23,"column":37}},"17":{"start":{"line":24,"column":2},"end":{"line":24,"column":33}},"18":{"start":{"line":25,"column":2},"end":{"line":25,"column":39}},"19":{"start":{"line":26,"colu
[...]
,"column":2},"end":{"line":19,"column":31}},"9":{"start":{"line":20,"column":2},"end":{"line":20,"column":43}},"10":{"start":{"line":21,"column":2},"end":{"line":21,"column":37}},"11":{"start":{"line":22,"column":2},"end":{"line":22,"column":35}},"12":{"start":{"line":24,"column":2},"end":{"line":26,"column":5}},"13":{"start":{"line":25,"column":4},"end":{"line":25,"column":37}},"14":{"start":{"line":28,"column":2},"end":{"line":28,"column":15}}},"fnMap":{"0":{"name":"_interopRequireDefault","decl":{"start":{"line":12,"column":9},"end":{"line":12,"column":31}},"loc":{"start":{"line":12,"column":37},"end":{"line":12,"column":95}}},"1":{"name":"parseMedia","decl":{"start":{"line":14,"column":9},"end":{"line":14,"column":19}},"loc":{"start":{"line":14,"column":26},"end":{"line":29,"column":1}}},"2":{"name":"(anonymous_2)","decl":{"start":{"line":24,"column":29},"end":{"line":24,"column":30}},"loc":{"start":{"line":24,"column":45},"end":{"line":26,"column":3}}}},"branchMap":{"0":{"loc":{"start":{"line":12,"column":46},"end":{"line":12,"column":92}},"type":"cond-expr","locations":[{"start":{"line":12,"column":70},"end":{"line":12,"column":73}},{"start":{"line":12,"column":76},"end":{"line":12,"column":92}}]},"1":{"loc":{"start":{"line":12,"column":46},"end":{"line":12,"column":67}},"type":"binary-expr","locations":[{"start":{"line":12,"column":46},"end":{"line":12,"column":49}},{"start":{"line":12,"column":53},"end":{"line":12,"column":67}}]}},"s":{"0":1,"1":1,"2":1,"3":1,"4":1,"5":0,"6":0,"7":0,"8":0,"9":0,"10":0,"11":0,"12":0,"13":0,"14":0},"f":{"0":1,"1":0,"2":0},"b":{"0":[1,0],"1":[1,1]},"_coverageSchema":"332fd63041d2c1bcb487cc26dd0d5f7d97098a6c","hash":"453b66c408bc928a8f748a667a82c8c8fa86a282","contentHash":"334fee4ffd01bac22f67be271d5fc4b2_10.0.0"},"/home/stayrad/projects/perplexed/lib/types/part.js":{"path":"/home/stayrad/projects/perplexed/lib/types/part.js","statementMap":{"0":{"start":{"line":3,"column":0},"end":{"line":5,"column":3}},"1":{"start":{"line":6,"column":0},"end":{"line":6,"column":28}},"2":{"start":{"line":8,"column":14},"end":{"line":8,"column":33}},"3":{"start":{"line":10,"column":15},"end":{"line":10,"column":46}},"4":{"start":{"line":12,"column":39},"end":{"line":12,"column":93}},"5":{"start":{"line":15,"column":13},"end":{"line":15,"column":15}},"6":{"start":{"line":17,"column":2},"end":{"line":17,"column":20}},"7":{"start":{"line":18,"column":2},"end":{"line":18,"column":22}},"8":{"start":{"line":19,"column":2},"end":{"line":19,"column":32}},"9":{"start":{"line":20,"column":2},"end":{"line":20,"column":24}},"10":{"start":{"line":21,"column":2},"end":{"line":21,"column":24}},"11":{"start":{"line":22,"column":2},"end":{"line":22,"column":34}},"12":{"start":{"line":23,"column":2},"end":{"line":23,"column":40}},"13":{"start":{"line":25,"column":2},"end":{"line":27,"column":3}},"14":{"start":{"line":26,"column":4},"end":{"line":26,"column":52}},"15":{"start":{"line":29,"column":2},"end":{"line":29,"column":14}}},"fnMap":{"0":{"name":"_interopRequireDefault","decl":{"start":{"line":12,"column":9},"end":{"line":12,"column":31}},"loc":{"start":{"line":12,"column":37},"end":{"line":12,"column":95}}},"1":{"name":"parsePart","decl":{"start":{"line":14,"column":9},"end":{"line":14,"column":18}},"loc":{"start":{"line":14,"column":25},"end":{"line":30,"column":1}}}},"branchMap":{"0":{"loc":{"start":{"line":12,"column":46},"end":{"line":12,"column":92}},"type":"cond-expr","locations":[{"start":{"line":12,"column":70},"end":{"line":12,"column":73}},{"start":{"line":12,"column":76},"end":{"line":12,"column":92}}]},"1":{"loc":{"start":{"line":12,"column":46},"end":{"line":12,"column":67}},"type":"binary-expr","locations":[{"start":{"line":12,"column":46},"end":{"line":12,"column":49}},{"start":{"line":12,"column":53},"end":{"line":12,"column":67}}]},"2":{"loc":{"start":{"line":25,"column":2},"end":{"line":27,"column":3}},"type":"if","locations":[{"start":{"line":25,"column":2},"end":{"line":27,"column":3}},{"start":{"line":25,"column":2},"end":{"line":27,"column":3}}]}},"s":{"0":1,"1":1,"2":1,"3":1,"4":1,"5":0,"6":0,"7":0,"8":0,"9":0,"10":0,"11":0,"12":0,"13":0,"14":0,"15":0},"f":{"0":1,"1":0},"b":{"0":[1,0],"1":[1,1],"2":[0,0]},"_coverageSchema":"332fd63041d2c1bcb487cc26dd0d5f7d97098a6c","hash":"e0bce3c901062d7e1ae12782d869ce6291eca807","contentHash":"f311d32c28b57b13422ccec36a20fa49_10.0.0"},"/home/stayrad/projects/perplexed/lib/types/stream.js":{"path":"/home/stayrad/projects/perplexed/lib/types/stream.js","statementMap":{"0":{"start":{"line":3,"column":0},"end":{"line":5,"column":3}},"1":{"start":{"line":6,"column":0},"end":{"line":6,"column":30}},"2":{"start":{"line":8,"column":15},"end":{"line":8,"column":17}},"3":{"start":{"line":10,"column":2},"end":{"line":10,"column":22}},"4":{"start":{"line":11,"column":2},"end":{"line":11,"column":38}},"5":{"start":{"line":12,"column":2},"end":{"line":12,"column":34}},"6":{"start":{"line":13,"column":2},"end":{"line":13,"column":28}},"7":{"start":{"line":14,"column":2},"end":{"line":14,"column":28}},"8":{"start":{"line":15,"column":2},"end":{"line":15,"column":34}},"9":{"start":{"line":16,"column":2},"end":{"line":16,"column":32}},"10":{"start":{"line":17,"column":2},"end":{"line":17,"column":54}},"11":{"start":{"line":18,"column":2},"end":{"line":18,"column":42}},"12":{"start":{"line":20,"column":2},"end":{"line":20,"column":16}}},"fnMap":{"0":{"name":"parseStream","decl":{"start":{"line":7,"column":9},"end":{"line":7,"column":20}},"loc":{"start":{"line":7,"column":27},"end":{"line":21,"column":1}}}},"branchMap":{},"s":{"0":1,"1":1,"2":0,"3":0,"4":0,"5":0,"6":0,"7":0,"8":0,"9":0,"10":0,"11":0,"12":0},"f":{"0":0},"b":{},"_coverageSchema":"332fd63041d2c1bcb487cc26dd0d5f7d97098a6c","hash":"ac9dfc4e3c91fa33e3bb1566cc75aee457ebcba6","contentHash":"962bdf218a35926fd08bf96273356ef0_10.0.0"},"/home/stayrad/projects/perplexed/lib/types/playQueue.js":{"path":"/home/stayrad/projects/perplexed/lib/types/playQueue.js","statementMap":{"0":{"start":{"line":3,"column":0},"end":{"line":5,"column":3}},"1":{"start":{"line":6,"column":0},"end":{"line":6,"column":36}},"2":{"start":{"line":8,"column":15},"end":{"line":8,"column":256}},"3":{"start":{"line":8,"column":52},"end":{"line":8,"column":239}},"4":{"start":{"line":8,"column":110},"end":{"line":8,"column":122}},"5":{"start":{"line":8,"column":124},"end":{"line":8,"column":237}},"6":{"start":{"line":8,"column":150},"end":{"line":8,"column":235}},"7":{"start":{"line":8,"column":207},"end":{"line":8,"column":233}},"8":{"start":{"line":8,"column":240},"end":{"line":8,"column":254}},"9":{"start":{"line":10,"column":0},"end":{"line":10,"column":48}},"10":{"start":{"line":11,"column":0},"end":{"line":11,"column":40}},"11":{"start":{"line":13,"column":17},"end":{"line":13,"column":37}},"12":{"start":{"line":15,"column":22},"end":{"line":15,"column":49}},"13":{"start":{"line":17,"column":23},"end":{"line":17,"column":62}},"14":{"start":{"line":19,"column":13},"end":{"line":19,"column":31}},"15":{"start":{"line":21,"column":39},"end":{"line":21,"column":93}},"16":{"start":{"line":23,"column":22},"end":{"line":27,"column":2}},"17":{"start":{"line":30,"column":22},"end":{"line":30,"column":24}},"18":{"start":{"line":32,"column":2},"end":{"line":32,"column":42}},"19":{"start":{"line":33,"column":2},"end":{"line":33,"column":33}},"20":{"start":{"line":34,"column":2},"end":{"line":34,"column":57}},"21":{"start":{"line":36,"column":2},"end":{"line":36,"column":53}},"22":{"start":{"line":38,"column":2},"end":{"line":38,"column":23}},"23":{"start":{"line":42,"column":2},"end":{"line":44,"column":3}},"24":{"start":{"line":43,"column":4},"end":{"line":43,"column":31}},"25":{"start":{"line":46,"column":18},"end":{"line":46,"column":67}},"26":{"start":{"line":48,"column":2},"end":{"line":48,"column":34}},"27":{"start":{"line":49,"column":2},"end":{"line":49,"column":58}},"28":{"start":{"line":50,"column":2},"end":{"line":50,"column":66}},"29":{"start":{"line":51,"column":2},"end":{"line":51,"column":74}},"30":{"start":{"line":52,"column":2},"end":{"line":52,"column":46}},"31":{"start":{"line":53,"column":2},"end":{"line":53,"column":48}},"32":{"start":{"line":54,"column":2},"end":{"line":54,"column":50}},"33":{"start":{"line":55,"column":2},"end":{"line":55,"column":44}},"34":{"start":{"line":57,"column":2},"end":{"line":57,"column":66}},"35":{"start":{"line":59,"column":2},"end":{"line":59,"column":19}}},"fnMap":{"0":{"name":"(anonymous_0)","decl":{"start":{"line":8,"column":32},"end":{"line":8,"column":33}},"loc":{"start":{"line":8,"column":50},"end":{"line":8,"column":256}}},"1":{"name":"_interopRequireDefault","decl":{"start":{"line":21,"column":9},"end":{"line":21,"column":31}},"loc":{"start":{"line":21,"column":37},"end":{"line":21,"column":95}}},"2":{"name":"parsePlayQueueItem","decl":{"start":{"line":29,"column":9},"end":{"line":29,"column":27}},"loc":{"start":{"line":29,"column":34},"end":{"line":39,"column":1}}},"3":{"name":"parsePlayQueue","decl":{"start":{"line":41,"column":9},"end":{"line":41,"column":23}},"loc":{"start":{"line":41,"column":30},"end":{"line":60,"column":1}}}},"branchMap":{"0":{"loc":{"start":{"line":8,"column":15},"end":{"line":8,"column":256}},"type":"binary-expr","locations":[{"start":{"line":8,"column":15},"end":{"line":8,"column":28}},{"start":{"line":8,"column":32},"end":{"line":8,"column":256}}]},"1":{"loc":{"start":{"line":8,"column":150},"end":{"line":8,"column":235}},"type":"if","locations":[{"start":{"line":8,"column":150},"end":{"line":8,"column":235}},{"start":{"line":8,"column":150},"end":{"line":8,"column":235}}]},"2":{"loc":{"start":{"line":21,"column":46},"end":{"line":21,"column":92}},"type":"cond-expr","locations":[{"start":{"line":21,"column":70},"end":{"line":21,"column":73}},{"start":{"line":21,"column":76},"end":{"line":21,"column":92}}]},"3":{"loc":{"start":{"line":21,"column":46},"end":{"line":21,"column":67}},"type":"binary-expr","locations":[{"start":{"line":21,"column":46},"end":{"line":21,"column":49}},{"start":{"line":21,"column":53},"end":{"line":21,"column":67}}]},"4":{"loc":{"start":{"line":42,"column":2},"end":{"line":44,"column":3}},"type":"if","locations":[{"start":{"line":42,"column":2},"end":{"line":44,"column":3}},{"start":{"line":42,"column":2},"end":{"line":44,"column":3}}]},"5":{"loc":{"start":{"line":57,"column":21},"end":{"line":57,"column":40}},"type":"binary-expr","locations":[{"start":{"line":57,"column":21},"end":{"line":57,"column":34}},{"start":{"line":57,"column":38},"end":{"line":57,"column":40}}]}},"s":{"0":1,"1":1,"2":1,"3":0,"4":0,"5":0,"6":0,"7":0,"8":0,"9":1,"10":1,"11":1,"12":1,"13":1,"14":1,"15":1,"16":1,"17":0,"18":0,"19":0,"20":0,"21":0,"22":0,"23":0,"24":0,"25":0,"26":0,"27":0,"28":0,"29":0,"30":0,"31":0,"32":0,"33":0,"34":0,"35":0},"f":{"0":0,"1":1,"2":0,"3":0},"b":{"0":[1,0],"1":[0,0],"2":[1,0],"3":[1,1],"4":[0,0],"5":[0,0]},"_coverageSchema":"332fd63041d2c1bcb487cc26dd0d5f7d97098a6c","hash":"326bd04da6676b4512826ec5ccf20ad659e36321","contentHash":"228fef73cf6612e8add3586c84ab3834_10.0.0"},"/home/stayrad/projects/perplexed/lib/types/playlist.js":{"path":"/home/stayrad/projects/perplexed/lib/types/playlist.js","statementMap":{"0":{"start":{"line":3,"column":0},"end":{"line":5,"column":3}},"1":{"start":{"line":6,"column":0},"end":{"line":6,"column":69}},"2":{"start":{"line":7,"column":0},"end":{"line":7,"column":38}},"3":{"start":{"line":8,"column":0},"end":{"line":8,"column":56}},"4":{"start":{"line":10,"column":17},"end":{"line":10,"column":37}},"5":{"start":{"line":12,"column":13},"end":{"line":12,"column":31}},"6":{"start":{"line":14,"column":21},"end":{"line":16,"column":2}},"7":{"start":{"line":17,"column":30},"end":{"line":17,"column":107}},"8":{"start":{"line":20,"column":2},"end":{"line":22,"column":3}},"9":{"start":{"line":21,"column":4},"end":{"line":21,"column":31}},"10":{"start":{"line":24,"column":17},"end":{"line":24,"column":19}},"11":{"start":{"line":26,"column":2},"end":{"line":26,"column":38}},"12":{"start":{"line":27,"column":2},"end":{"line":27,"column":26}},"13":{"start":{"line":28,"column":2},"end":{"line":28,"column":28}},"14":{"start":{"line":29,"column":2},"end":{"line":29,"column":28}},"15":{"start":{"line":30,"column":2},"end":{"line":30,"column":30}},"16":{"start":{"line":31,"column":2},"end":{"line":31,"column":34}},"17":{"start":{"line":32,"column":2},"end":{"line":32,"column":30}},"18":{"start":{"line":33,"column":2},"end":{"line":33,"column":44}},"19":{"start":{"line":34,"column":2},"end":{"line":34,"column":38}},"20":{"start":{"line":35,"column":2},"end":{"line":35,"column":38}},"21":{"start":{"line":36,"column":2},"end":{"line":36,"column":44}},"22":{"start":{"line":37,"column":2},"end":{"line":37,"column":36}},"23":{"start":{"line":38,"column":2},"end":{"line":38,"column":38}},"24":{"start":{"line":39,"column":2},"end":{"line":39,"column":34}},"25":{"start":{"line":40,"column":2},"end":{"line":40,"column":38}},"26":{"start":{"line":42,"column":2},"end":{"line":42,"column":49}},"27":{"start":{"line":44,"column":2},"end":{"line":46,"column":3}},"28":{"start":{"line":45,"column":4},"end":{"line":45,"column":66}},"29":{"start":{"line":48,"column":2},"end":{"line":48,"column":18}},"30":{"start":{"line":52,"column":2},"end":{"line":54,"column":3}},"31":{"start":{"line":53,"column":4},"end":{"line":53,"column":31}},"32":{"start":{"line":56,"column":2},"end":{"line":56,"column":50}}},"fnMap":{"0":{"name":"parsePlaylist","decl":{"start":{"line":19,"column":9},"end":{"line":19,"column":22}},"loc":{"start":{"line":19,"column":29},"end":{"line":49,"column":1}}},"1":{"name":"parsePlaylistContainer","decl":{"start":{"line":51,"column":9},"end":{"line":51,"column":31}},"loc":{"start":{"line":51,"column":38},"end":{"line":57,"column":1}}}},"branchMap":{"0":{"loc":{"start":{"line":20,"column":2},"end":{"line":22,"column":3}},"type":"if","locations":[{"start":{"line":20,"column":2},"end":{"line":22,"column":3}},{"start":{"line":20,"column":2},"end":{"line":22,"column":3}}]},"1":{"loc":{"start":{"line":44,"column":2},"end":{"line":46,"column":3}},"type":"if","locations":[{"start":{"line":44,"column":2},"end":{"line":46,"column":3}},{"start":{"line":44,"column":2},"end":{"line":46,"column":3}}]},"2":{"loc":{"start":{"line":45,"column":22},"end":{"line":45,"column":41}},"type":"binary-expr","locations":[{"start":{"line":45,"column":22},"end":{"line":45,"column":35}},{"start":{"line":45,"column":39},"end":{"line":45,"column":41}}]},"3":{"loc":{"start":{"line":52,"column":2},"end":{"line":54,"column":3}},"type":"if","locations":[{"start":{"line":52,"column":2},"end":{"line":54,"column":3}},{"start":{"line":52,"column":2},"end":{"line":54,"column":3}}]},"4":{"loc":{"start":{"line":56,"column":10},"end":{"line":56,"column":29}},"type":"binary-expr","locations":[{"start":{"line":56,"column":10},"end":{"line":56,"column":23}},{"start":{"line":56,"column":27},"end":{"line":56,"column":29}}]}},"s":{"0":1,"1":1,"2":1,"3":1,"4":1,"5":1,"6":1,"7":1,"8":0,"9":0,"10":0,"11":0,"12":0,"13":0,"14":0,"15":0,"16":0,"17":0,"18":0,"19":0,"20":0,"21":0,"22":0,"23":0,"24":0,"25":0,"26":0,"27":0,"28":0,"29":0,"30":0,"31":0,"32":0},"f":{"0":0,"1":0},"b":{"0":[0,0],"1":[0,0],"2":[0,0],"3":[0,0],"4":[0,0]},"_coverageSchema":"332fd63041d2c1bcb487cc26dd0d5f7d97098a6c","hash":"29cfa0e2a827e4715d9fb7b41b9b35f5acbbecee","contentHash":"fe3c46e3d113dd7e7da3cac3ddd29834_10.0.0"},"/home/stayrad/projects/perplexed/lib/types/hub.js":{"path":"/home/stayrad/projects/perplexed/lib/types/hub.js","statementMap":{"0":{"start":{"line":3,"column":0},"end":{"line":5,"column":3}},"1":{"start":{"line":6,"column":0},"end":{"line":6,"column":59}},"2":{"start":{"line":7,"column":0},"end":{"line":7,"column":52}},"3":{"start":{"line":8,"column":0},"end":{"line":8,"column":44}},"4":{"start":{"line":9,"column":0},"end":{"line":9,"column":28}},"5":{"start":{"line":10,"column":0},"end":{"line":10,"column":46}},"6":{"start":{"line":12,"column":17},"end":{"line":12,"column":37}},"7":{"start":{"line":14,"column":13},"end":{"line":14,"column":31}},"8":{"start":{"line":16,"column":14},"end":{"line":16,"column":33}},"9":{"start":{"line":18,"column":13},"end":{"line":18,"column":31}},"10":{"start":{"line":20,"column":16},"end":{"line":20,"column":37}},"11":{"start":{"line":22,"column":16},"end":{"line":31,"column":2}},"12":{"start":{"line":32,"column":25},"end":{"line":32,"column":92}},"13":{"start":{"line":35,"column":2},"end":{"line":35,"column":14}},"14":{"start":{"line":39,"column":2},"end":{"line":50,"column":3}},"15":{"start":{"line":41,"column":6},"end":{"line":41,"column":31}},"16":{"start":{"line":43,"column":6},"end":{"line":43,"column":33}},"17":{"start":{"line":45,"column":6},"end":{"line":45,"column":31}},"18":{"start":{"line":47,"column":6},"end":{"line":47,"column":37}},"19":{"start":{"line":49,"column":6},"end":{"line":49,"column":34}},"20":{"start":{"line":54,"column":12},"end":{"line":54,"column":14}},"21":{"start":{"line":56,"column":2},"end":{"line":56,"column":23}},"22":{"start":{"line":57,"column":2},"end":{"line":57,"column":41}},"23":{"start":{"line":58,"column":2},"end":{"line":58,"column":23}},"24":{"start":{"line":59,"column":2},"end":{"line":59,"column":25}},"25":{"start":{"line":60,"column":2},"end":{"line":60,"column":23}},"26":{"start":{"line":62,"column":16},"end":{"line":62,"column":42}},"27":{"start":{"line":63,"column":2},"end":{"line":63,"column":49}},"28":{"start":{"line":65,"column":2},"end":{"line":65,"column":13}},"29":{"start":{"line":69,"column":2},"end":{"line":71,"column":3}},"30":{"start":{"line":70,"column":4},"end":{"line":70,"column":31}},"31":{"start":{"line":73,"column":2},"end":{"line":73,"column":40}}},"fnMap":{"0":{"name":"defaultParseFunction","decl":{"start":{"line":34,"column":9},"end":{"line":34,"column":29}},"loc":{"start":{"line":34,"column":36},"end":{"line":36,"column":1}}},"1":{"name":"getParseFunction","decl":{"start":{"line":38,"column":9},"end":{"line":38,"column":25}},"loc":{"start":{"line":38,"column":32},"end":{"line":51,"column":1}}},"2":{"name":"parseHub","decl":{"start":{"line":53,"column":9},"end":{"line":53,"column":17}},"loc":{"start":{"line":53,"column":24},"end":{"line":66,"column":1}}},"3":{"name":"parseHubContainer","decl":{"start":{"line":68,"column":9},"end":{"line":68,"column":26}},"loc":{"start":{"line":68,"column":33},"end":{"line":74,"column":1}}}},"branchMap":{"0":{"loc":{"start":{"line":39,"column":2},"end":{"line":50,"column":3}},"type":"switch","locations":[{"start":{"line":40,"column":4},"end":{"line":41,"column":31}},{"start":{"line":42,"column":4},"end":{"line":43,"column":33}},{"start":{"line":44,"column":4},"end":{"line":45,"column":31}},{"start":{"line":46,"column":4},"end":{"line":47,"column":37}},{"start":{"line":48,"column":4},"end":{"line":49,"column":34}}]},"1":{"loc":{"start":{"line":63,"column":15},"end":{"line":63,"column":34}},"type":"binary-expr","locations":[{"start":{"line":63,"column":15},"end":{"line":63,"column":28}},{"start":{"line":63,"column":32},"end":{"line":63,"column":34}}]},"2":{"loc":{"start":{"line":69,"column":2},"end":{"line":71,"column":3}},"type":"if","locations":[{"start":{"line":69,"column":2},"end":{"line":71,"column":3}},{"start":{"line":69,"column":2},"end":{"line":71,"column":3}}]},"3":{"loc":{"start":{"line":73,"column":10},"end":{"line":73,"column":24}},"type":"binary-expr","locations":[{"start":{"line":73,"column":10},"end":{"line":73,"column":18}},{"start":{"line":73,"column":22},"end":{"line":73,"column":24}}]}},"s":{"0":1,"1":1,"2":1,"3":1,"4":1,"5":1,"6":1,"7":1,"8":1,"9":1,"10":1,"11":1,"12":1,"13":0,"14":0,"15":0,"16":0,"17":0,"18":0,"19":0,"20":0,"21":0,"22":0,"23":0,"24":0,"25":0,"26":0,"27":0,"28":0,"29":0,"30":0,"31":0},"f":{"0":0,"1":0,"2":0,"3":0},"b":{"0":[0,0,0,0,0],"1":[0,0],"2":[0,0],"3":[0,0]},"_coverageSchema":"332fd63041d2c1bcb487cc26dd0d5f7d97098a6c","hash":"594b7832970bbeef9e25a17d61107f4ebcc3662a","contentHash":"df46a9d729b3fddd79a052e47381899b_10.0.0"}}